  [1m[36m (37.5ms)[0m  [1mCREATE TABLE "schema_migrations" ("version" character varying NOT NULL) [0m
  [1m[35m (1.0ms)[0m  CREATE UNIQUE INDEX  "unique_schema_migrations" ON "schema_migrations"  ("version")
  [1m[36mActiveRecord::SchemaMigration Load (1.6ms)[0m  [1mSELECT "schema_migrations".* FROM "schema_migrations"[0m
Migrating to CreateTitles (20141112132930)
  [1m[35m (6.4ms)[0m  BEGIN
  [1m[36m (29.6ms)[0m  [1mCREATE TABLE "titles" ("id" serial primary key, "name" character varying NOT NULL, "created_at" timestamp NOT NULL, "updated_at" timestamp NOT NULL) [0m
  [1m[35mSQL (12.9ms)[0m  INSERT INTO "schema_migrations" ("version") VALUES ($1)  [["version", "20141112132930"]]
  [1m[36m (6.3ms)[0m  [1mCOMMIT[0m
Migrating to CreateUsers (20141112132959)
  [1m[35m (6.3ms)[0m  BEGIN
  [1m[36m (20.5ms)[0m  [1mCREATE TABLE "users" ("id" serial primary key, "first_name" character varying NOT NULL, "last_name" character varying NOT NULL, "role" integer DEFAULT 1 NOT NULL, "title_id" integer, "created_at" timestamp NOT NULL, "updated_at" timestamp NOT NULL) [0m
  [1m[35m (0.7ms)[0m  CREATE  INDEX  "index_users_on_title_id" ON "users"  ("title_id")
  [1m[36mSQL (0.5ms)[0m  [1mINSERT INTO "schema_migrations" ("version") VALUES ($1)[0m  [["version", "20141112132959"]]
  [1m[35m (0.4ms)[0m  COMMIT
Migrating to CreateSkills (20141112133006)
  [1m[36m (5.9ms)[0m  [1mBEGIN[0m
  [1m[35m (13.9ms)[0m  CREATE TABLE "skills" ("id" serial primary key, "name" character varying NOT NULL, "created_at" timestamp NOT NULL, "updated_at" timestamp NOT NULL) 
  [1m[36mSQL (0.2ms)[0m  [1mINSERT INTO "schema_migrations" ("version") VALUES ($1)[0m  [["version", "20141112133006"]]
  [1m[35m (4.9ms)[0m  COMMIT
Migrating to CreateProjects (20141112133035)
  [1m[36m (6.0ms)[0m  [1mBEGIN[0m
  [1m[35m (14.6ms)[0m  CREATE TABLE "projects" ("id" serial primary key, "name" character varying NOT NULL, "created_at" timestamp NOT NULL, "updated_at" timestamp NOT NULL) 
  [1m[36mSQL (0.2ms)[0m  [1mINSERT INTO "schema_migrations" ("version") VALUES ($1)[0m  [["version", "20141112133035"]]
  [1m[35m (0.4ms)[0m  COMMIT
Migrating to CreateAllocations (20141112133040)
  [1m[36m (5.8ms)[0m  [1mBEGIN[0m
  [1m[35m (7.8ms)[0m  CREATE TABLE "allocations" ("id" serial primary key, "user_id" integer NOT NULL, "staffing_request_id" integer NOT NULL, "created_at" timestamp NOT NULL, "updated_at" timestamp NOT NULL) 
  [1m[36m (6.5ms)[0m  [1mCREATE  INDEX  "index_allocations_on_user_id" ON "allocations"  ("user_id")[0m
  [1m[35m (0.8ms)[0m  CREATE  INDEX  "index_allocations_on_staffing_request_id" ON "allocations"  ("staffing_request_id")
  [1m[36mSQL (0.2ms)[0m  [1mINSERT INTO "schema_migrations" ("version") VALUES ($1)[0m  [["version", "20141112133040"]]
  [1m[35m (0.5ms)[0m  COMMIT
Migrating to CreateStaffingRequests (20141112133047)
  [1m[36m (5.7ms)[0m  [1mBEGIN[0m
  [1m[35m (6.9ms)[0m  CREATE TABLE "staffing_requests" ("id" serial primary key, "percentage" integer, "start_date" timestamp, "end_date" timestamp, "status" integer DEFAULT 0 NOT NULL, "title_id" integer, "project_id" integer, "created_at" timestamp NOT NULL, "updated_at" timestamp NOT NULL) 
  [1m[36m (6.5ms)[0m  [1mCREATE  INDEX  "index_staffing_requests_on_title_id" ON "staffing_requests"  ("title_id")[0m
  [1m[35m (5.5ms)[0m  CREATE  INDEX  "index_staffing_requests_on_project_id" ON "staffing_requests"  ("project_id")
  [1m[36mSQL (0.2ms)[0m  [1mINSERT INTO "schema_migrations" ("version") VALUES ($1)[0m  [["version", "20141112133047"]]
  [1m[35m (0.4ms)[0m  COMMIT
Migrating to CreateSkillsUsers (20141112134034)
  [1m[36m (6.2ms)[0m  [1mBEGIN[0m
  [1m[35m (7.7ms)[0m  CREATE TABLE "skills_users" ("id" serial primary key, "skill_id" integer, "user_id" integer) 
  [1m[36mSQL (0.1ms)[0m  [1mINSERT INTO "schema_migrations" ("version") VALUES ($1)[0m  [["version", "20141112134034"]]
  [1m[35m (5.7ms)[0m  COMMIT
Migrating to CreateSkillsStaffingRequests (20141112145150)
  [1m[36m (5.6ms)[0m  [1mBEGIN[0m
  [1m[35m (7.7ms)[0m  CREATE TABLE "skills_staffing_requests" ("id" serial primary key, "skill_id" integer NOT NULL, "staffing_request_id" integer NOT NULL) 
  [1m[36mSQL (0.2ms)[0m  [1mINSERT INTO "schema_migrations" ("version") VALUES ($1)[0m  [["version", "20141112145150"]]
  [1m[35m (5.8ms)[0m  COMMIT
  [1m[36mActiveRecord::SchemaMigration Load (1.9ms)[0m  [1mSELECT "schema_migrations".* FROM "schema_migrations"[0m
  [1m[35m (2.1ms)[0m  SELECT t2.oid::regclass::text AS to_table, a1.attname AS column, a2.attname AS primary_key, c.conname AS name, c.confupdtype AS on_update, c.confdeltype AS on_delete
FROM pg_constraint c
JOIN pg_class t1 ON c.conrelid = t1.oid
JOIN pg_class t2 ON c.confrelid = t2.oid
JOIN pg_attribute a1 ON a1.attnum = c.conkey[1] AND a1.attrelid = t1.oid
JOIN pg_attribute a2 ON a2.attnum = c.confkey[1] AND a2.attrelid = t2.oid
JOIN pg_namespace t3 ON c.connamespace = t3.oid
WHERE c.contype = 'f'
  AND t1.relname = 'allocations'
  AND t3.nspname = ANY (current_schemas(false))
ORDER BY c.conname

  [1m[36m (1.7ms)[0m  [1mSELECT t2.oid::regclass::text AS to_table, a1.attname AS column, a2.attname AS primary_key, c.conname AS name, c.confupdtype AS on_update, c.confdeltype AS on_delete
FROM pg_constraint c
JOIN pg_class t1 ON c.conrelid = t1.oid
JOIN pg_class t2 ON c.confrelid = t2.oid
JOIN pg_attribute a1 ON a1.attnum = c.conkey[1] AND a1.attrelid = t1.oid
JOIN pg_attribute a2 ON a2.attnum = c.confkey[1] AND a2.attrelid = t2.oid
JOIN pg_namespace t3 ON c.connamespace = t3.oid
WHERE c.contype = 'f'
  AND t1.relname = 'projects'
  AND t3.nspname = ANY (current_schemas(false))
ORDER BY c.conname
[0m
  [1m[35m (1.5ms)[0m  SELECT t2.oid::regclass::text AS to_table, a1.attname AS column, a2.attname AS primary_key, c.conname AS name, c.confupdtype AS on_update, c.confdeltype AS on_delete
FROM pg_constraint c
JOIN pg_class t1 ON c.conrelid = t1.oid
JOIN pg_class t2 ON c.confrelid = t2.oid
JOIN pg_attribute a1 ON a1.attnum = c.conkey[1] AND a1.attrelid = t1.oid
JOIN pg_attribute a2 ON a2.attnum = c.confkey[1] AND a2.attrelid = t2.oid
JOIN pg_namespace t3 ON c.connamespace = t3.oid
WHERE c.contype = 'f'
  AND t1.relname = 'skills'
  AND t3.nspname = ANY (current_schemas(false))
ORDER BY c.conname

  [1m[36m (1.5ms)[0m  [1mSELECT t2.oid::regclass::text AS to_table, a1.attname AS column, a2.attname AS primary_key, c.conname AS name, c.confupdtype AS on_update, c.confdeltype AS on_delete
FROM pg_constraint c
JOIN pg_class t1 ON c.conrelid = t1.oid
JOIN pg_class t2 ON c.confrelid = t2.oid
JOIN pg_attribute a1 ON a1.attnum = c.conkey[1] AND a1.attrelid = t1.oid
JOIN pg_attribute a2 ON a2.attnum = c.confkey[1] AND a2.attrelid = t2.oid
JOIN pg_namespace t3 ON c.connamespace = t3.oid
WHERE c.contype = 'f'
  AND t1.relname = 'skills_staffing_requests'
  AND t3.nspname = ANY (current_schemas(false))
ORDER BY c.conname
[0m
  [1m[35m (1.5ms)[0m  SELECT t2.oid::regclass::text AS to_table, a1.attname AS column, a2.attname AS primary_key, c.conname AS name, c.confupdtype AS on_update, c.confdeltype AS on_delete
FROM pg_constraint c
JOIN pg_class t1 ON c.conrelid = t1.oid
JOIN pg_class t2 ON c.confrelid = t2.oid
JOIN pg_attribute a1 ON a1.attnum = c.conkey[1] AND a1.attrelid = t1.oid
JOIN pg_attribute a2 ON a2.attnum = c.confkey[1] AND a2.attrelid = t2.oid
JOIN pg_namespace t3 ON c.connamespace = t3.oid
WHERE c.contype = 'f'
  AND t1.relname = 'skills_users'
  AND t3.nspname = ANY (current_schemas(false))
ORDER BY c.conname

  [1m[36m (1.6ms)[0m  [1mSELECT t2.oid::regclass::text AS to_table, a1.attname AS column, a2.attname AS primary_key, c.conname AS name, c.confupdtype AS on_update, c.confdeltype AS on_delete
FROM pg_constraint c
JOIN pg_class t1 ON c.conrelid = t1.oid
JOIN pg_class t2 ON c.confrelid = t2.oid
JOIN pg_attribute a1 ON a1.attnum = c.conkey[1] AND a1.attrelid = t1.oid
JOIN pg_attribute a2 ON a2.attnum = c.confkey[1] AND a2.attrelid = t2.oid
JOIN pg_namespace t3 ON c.connamespace = t3.oid
WHERE c.contype = 'f'
  AND t1.relname = 'staffing_requests'
  AND t3.nspname = ANY (current_schemas(false))
ORDER BY c.conname
[0m
  [1m[35m (1.6ms)[0m  SELECT t2.oid::regclass::text AS to_table, a1.attname AS column, a2.attname AS primary_key, c.conname AS name, c.confupdtype AS on_update, c.confdeltype AS on_delete
FROM pg_constraint c
JOIN pg_class t1 ON c.conrelid = t1.oid
JOIN pg_class t2 ON c.confrelid = t2.oid
JOIN pg_attribute a1 ON a1.attnum = c.conkey[1] AND a1.attrelid = t1.oid
JOIN pg_attribute a2 ON a2.attnum = c.confkey[1] AND a2.attrelid = t2.oid
JOIN pg_namespace t3 ON c.connamespace = t3.oid
WHERE c.contype = 'f'
  AND t1.relname = 'titles'
  AND t3.nspname = ANY (current_schemas(false))
ORDER BY c.conname

  [1m[36m (1.6ms)[0m  [1mSELECT t2.oid::regclass::text AS to_table, a1.attname AS column, a2.attname AS primary_key, c.conname AS name, c.confupdtype AS on_update, c.confdeltype AS on_delete
FROM pg_constraint c
JOIN pg_class t1 ON c.conrelid = t1.oid
JOIN pg_class t2 ON c.confrelid = t2.oid
JOIN pg_attribute a1 ON a1.attnum = c.conkey[1] AND a1.attrelid = t1.oid
JOIN pg_attribute a2 ON a2.attnum = c.confkey[1] AND a2.attrelid = t2.oid
JOIN pg_namespace t3 ON c.connamespace = t3.oid
WHERE c.contype = 'f'
  AND t1.relname = 'users'
  AND t3.nspname = ANY (current_schemas(false))
ORDER BY c.conname
[0m
  [1m[36mActiveRecord::SchemaMigration Load (0.5ms)[0m  [1mSELECT "schema_migrations".* FROM "schema_migrations"[0m
  [1m[35m (9.6ms)[0m  TRUNCATE titles
  [1m[36m (2.9ms)[0m  [1mTRUNCATE users[0m
  [1m[35m (1.9ms)[0m  TRUNCATE skills
  [1m[36m (1.9ms)[0m  [1mTRUNCATE projects[0m
  [1m[35m (1.9ms)[0m  TRUNCATE allocations
  [1m[36m (1.8ms)[0m  [1mTRUNCATE staffing_requests[0m
  [1m[35m (1.0ms)[0m  TRUNCATE skills_users
  [1m[36m (1.0ms)[0m  [1mTRUNCATE skills_staffing_requests[0m
  [1m[35m (0.1ms)[0m  BEGIN
  [1m[36mSQL (3.0ms)[0m  [1mINSERT INTO "titles" ("created_at", "name", "updated_at") VALUES ($1, $2, $3) RETURNING "id"[0m  [["created_at", "2014-11-17 20:07:28.055819"], ["name", "associate"], ["updated_at", "2014-11-17 20:07:28.055819"]]
  [1m[35m (0.3ms)[0m  COMMIT
  [1m[36m (0.2ms)[0m  [1mBEGIN[0m
  [1m[35mSQL (0.2ms)[0m  INSERT INTO "titles" ("created_at", "name", "updated_at") VALUES ($1, $2, $3) RETURNING "id"  [["created_at", "2014-11-17 20:07:28.063936"], ["name", "senior associate"], ["updated_at", "2014-11-17 20:07:28.063936"]]
  [1m[36m (0.3ms)[0m  [1mCOMMIT[0m
  [1m[35m (0.1ms)[0m  BEGIN
  [1m[36mSQL (0.2ms)[0m  [1mINSERT INTO "titles" ("created_at", "name", "updated_at") VALUES ($1, $2, $3) RETURNING "id"[0m  [["created_at", "2014-11-17 20:07:28.066378"], ["name", "manager"], ["updated_at", "2014-11-17 20:07:28.066378"]]
  [1m[35m (0.3ms)[0m  COMMIT
  [1m[36m (0.1ms)[0m  [1mBEGIN[0m
  [1m[35mSQL (0.2ms)[0m  INSERT INTO "titles" ("created_at", "name", "updated_at") VALUES ($1, $2, $3) RETURNING "id"  [["created_at", "2014-11-17 20:07:28.068742"], ["name", "senior manager"], ["updated_at", "2014-11-17 20:07:28.068742"]]
  [1m[36m (0.3ms)[0m  [1mCOMMIT[0m
  [1m[35m (0.1ms)[0m  BEGIN
  [1m[36mSQL (0.2ms)[0m  [1mINSERT INTO "titles" ("created_at", "name", "updated_at") VALUES ($1, $2, $3) RETURNING "id"[0m  [["created_at", "2014-11-17 20:07:28.070965"], ["name", "director"], ["updated_at", "2014-11-17 20:07:28.070965"]]
  [1m[35m (0.3ms)[0m  COMMIT
  [1m[36mTitle Load (7.5ms)[0m  [1mSELECT  "titles".* FROM "titles" WHERE "titles"."name" = $1 LIMIT 1[0m  [["name", "manager"]]
  [1m[35mTitle Load (0.3ms)[0m  SELECT  "titles".* FROM "titles" WHERE "titles"."name" = $1 LIMIT 1  [["name", "senior associate"]]
  [1m[36m (0.2ms)[0m  [1mBEGIN[0m
  [1m[35mSQL (7.5ms)[0m  INSERT INTO "users" ("created_at", "first_name", "last_name", "title_id", "updated_at") VALUES ($1, $2, $3, $4, $5) RETURNING "id"  [["created_at", "2014-11-17 20:07:28.136826"], ["first_name", "Dan"], ["last_name", "Johnson"], ["title_id", 3], ["updated_at", "2014-11-17 20:07:28.136826"]]
  [1m[36m (0.4ms)[0m  [1mCOMMIT[0m
  [1m[35m (0.2ms)[0m  BEGIN
  [1m[36mSQL (0.2ms)[0m  [1mINSERT INTO "users" ("created_at", "first_name", "last_name", "title_id", "updated_at") VALUES ($1, $2, $3, $4, $5) RETURNING "id"[0m  [["created_at", "2014-11-17 20:07:28.150326"], ["first_name", "David"], ["last_name", "Thomas"], ["title_id", 2], ["updated_at", "2014-11-17 20:07:28.150326"]]
  [1m[35m (0.4ms)[0m  COMMIT
  [1m[36m (0.2ms)[0m  [1mBEGIN[0m
  [1m[35mSQL (1.6ms)[0m  INSERT INTO "skills" ("created_at", "name", "updated_at") VALUES ($1, $2, $3) RETURNING "id"  [["created_at", "2014-11-17 20:07:28.160994"], ["name", "HTML"], ["updated_at", "2014-11-17 20:07:28.160994"]]
  [1m[36m (0.3ms)[0m  [1mCOMMIT[0m
  [1m[35m (0.1ms)[0m  BEGIN
  [1m[36mSQL (0.2ms)[0m  [1mINSERT INTO "skills" ("created_at", "name", "updated_at") VALUES ($1, $2, $3) RETURNING "id"[0m  [["created_at", "2014-11-17 20:07:28.165132"], ["name", "CSS"], ["updated_at", "2014-11-17 20:07:28.165132"]]
  [1m[35m (0.3ms)[0m  COMMIT
  [1m[36m (0.2ms)[0m  [1mBEGIN[0m
  [1m[35mSQL (0.2ms)[0m  INSERT INTO "skills" ("created_at", "name", "updated_at") VALUES ($1, $2, $3) RETURNING "id"  [["created_at", "2014-11-17 20:07:28.167741"], ["name", "JavaScript"], ["updated_at", "2014-11-17 20:07:28.167741"]]
  [1m[36m (0.3ms)[0m  [1mCOMMIT[0m
  [1m[35m (0.2ms)[0m  BEGIN
  [1m[36mSQL (0.2ms)[0m  [1mINSERT INTO "skills" ("created_at", "name", "updated_at") VALUES ($1, $2, $3) RETURNING "id"[0m  [["created_at", "2014-11-17 20:07:28.170182"], ["name", "PHP"], ["updated_at", "2014-11-17 20:07:28.170182"]]
  [1m[35m (0.3ms)[0m  COMMIT
  [1m[36mSkill Load (1.6ms)[0m  [1mSELECT  "skills".* FROM "skills" WHERE "skills"."name" = $1 LIMIT 1[0m  [["name", "HTML"]]
  [1m[35m (0.2ms)[0m  BEGIN
  [1m[36mSQL (7.4ms)[0m  [1mINSERT INTO "skills_users" ("skill_id", "user_id") VALUES ($1, $2) RETURNING "id"[0m  [["skill_id", 1], ["user_id", 1]]
  [1m[35m (5.6ms)[0m  COMMIT
  [1m[36mSkill Load (0.2ms)[0m  [1mSELECT  "skills".* FROM "skills" WHERE "skills"."name" = $1 LIMIT 1[0m  [["name", "CSS"]]
  [1m[35m (0.1ms)[0m  BEGIN
  [1m[36mSQL (0.3ms)[0m  [1mINSERT INTO "skills_users" ("skill_id", "user_id") VALUES ($1, $2) RETURNING "id"[0m  [["skill_id", 2], ["user_id", 1]]
  [1m[35m (0.3ms)[0m  COMMIT
  [1m[36mSkill Load (0.2ms)[0m  [1mSELECT  "skills".* FROM "skills" WHERE "skills"."name" = $1 LIMIT 1[0m  [["name", "JavaScript"]]
  [1m[35m (0.2ms)[0m  BEGIN
  [1m[36mSQL (0.2ms)[0m  [1mINSERT INTO "skills_users" ("skill_id", "user_id") VALUES ($1, $2) RETURNING "id"[0m  [["skill_id", 3], ["user_id", 2]]
  [1m[35m (0.2ms)[0m  COMMIT
  [1m[36m (0.1ms)[0m  [1mBEGIN[0m
  [1m[35mSQL (1.7ms)[0m  INSERT INTO "projects" ("created_at", "name", "updated_at") VALUES ($1, $2, $3) RETURNING "id"  [["created_at", "2014-11-17 20:07:28.273700"], ["name", "Wordpress Theme"], ["updated_at", "2014-11-17 20:07:28.273700"]]
  [1m[36m (0.2ms)[0m  [1mCOMMIT[0m
  [1m[35m (0.1ms)[0m  BEGIN
  [1m[36mSQL (0.2ms)[0m  [1mINSERT INTO "projects" ("created_at", "name", "updated_at") VALUES ($1, $2, $3) RETURNING "id"[0m  [["created_at", "2014-11-17 20:07:28.278174"], ["name", "AngularJS Application"], ["updated_at", "2014-11-17 20:07:28.278174"]]
  [1m[35m (0.3ms)[0m  COMMIT
  [1m[36m (0.2ms)[0m  [1mBEGIN[0m
  [1m[35mSQL (0.2ms)[0m  INSERT INTO "projects" ("created_at", "name", "updated_at") VALUES ($1, $2, $3) RETURNING "id"  [["created_at", "2014-11-17 20:07:28.280670"], ["name", "Backbone.js Application"], ["updated_at", "2014-11-17 20:07:28.280670"]]
  [1m[36m (0.3ms)[0m  [1mCOMMIT[0m
  [1m[35mProject Load (1.4ms)[0m  SELECT  "projects".* FROM "projects" WHERE "projects"."name" = $1 LIMIT 1  [["name", "Wordpress Theme"]]
  [1m[36mTitle Load (0.3ms)[0m  [1mSELECT  "titles".* FROM "titles" WHERE "titles"."name" = $1 LIMIT 1[0m  [["name", "senior associate"]]
  [1m[35mProject Load (0.2ms)[0m  SELECT  "projects".* FROM "projects" WHERE "projects"."name" = $1 LIMIT 1  [["name", "AngularJS Application"]]
  [1m[36mTitle Load (0.2ms)[0m  [1mSELECT  "titles".* FROM "titles" WHERE "titles"."name" = $1 LIMIT 1[0m  [["name", "manager"]]
  [1m[35mProject Load (0.2ms)[0m  SELECT  "projects".* FROM "projects" WHERE "projects"."name" = $1 LIMIT 1  [["name", "AngularJS Application"]]
  [1m[36mTitle Load (0.2ms)[0m  [1mSELECT  "titles".* FROM "titles" WHERE "titles"."name" = $1 LIMIT 1[0m  [["name", "associate"]]
  [1m[35mProject Load (0.2ms)[0m  SELECT  "projects".* FROM "projects" WHERE "projects"."name" = $1 LIMIT 1  [["name", "Backbone.js Application"]]
  [1m[36mTitle Load (0.2ms)[0m  [1mSELECT  "titles".* FROM "titles" WHERE "titles"."name" = $1 LIMIT 1[0m  [["name", "senior associate"]]
  [1m[35m (0.1ms)[0m  BEGIN
  [1m[36mSQL (21.2ms)[0m  [1mINSERT INTO "staffing_requests" ("created_at", "end_date", "percentage", "project_id", "start_date", "title_id", "updated_at") VALUES ($1, $2, $3, $4, $5, $6, $7) RETURNING "id"[0m  [["created_at", "2014-11-17 20:07:28.301801"], ["end_date", "2015-02-01 00:00:00.000000"], ["percentage", 100], ["project_id", 1], ["start_date", "2015-01-01 00:00:00.000000"], ["title_id", 2], ["updated_at", "2014-11-17 20:07:28.301801"]]
  [1m[35m (4.9ms)[0m  COMMIT
  [1m[36m (0.1ms)[0m  [1mBEGIN[0m
  [1m[35mSQL (0.3ms)[0m  INSERT INTO "staffing_requests" ("created_at", "percentage", "project_id", "start_date", "title_id", "updated_at") VALUES ($1, $2, $3, $4, $5, $6) RETURNING "id"  [["created_at", "2014-11-17 20:07:28.334975"], ["percentage", 50], ["project_id", 2], ["start_date", "2015-01-01 00:00:00.000000"], ["title_id", 3], ["updated_at", "2014-11-17 20:07:28.334975"]]
  [1m[36m (0.4ms)[0m  [1mCOMMIT[0m
  [1m[35m (0.2ms)[0m  BEGIN
  [1m[36mSQL (0.3ms)[0m  [1mINSERT INTO "staffing_requests" ("created_at", "percentage", "project_id", "start_date", "title_id", "updated_at") VALUES ($1, $2, $3, $4, $5, $6) RETURNING "id"[0m  [["created_at", "2014-11-17 20:07:28.338913"], ["percentage", 100], ["project_id", 2], ["start_date", "2015-01-01 00:00:00.000000"], ["title_id", 1], ["updated_at", "2014-11-17 20:07:28.338913"]]
  [1m[35m (0.3ms)[0m  COMMIT
  [1m[36m (0.2ms)[0m  [1mBEGIN[0m
  [1m[35mSQL (0.2ms)[0m  INSERT INTO "staffing_requests" ("created_at", "percentage", "project_id", "start_date", "status", "title_id", "updated_at") VALUES ($1, $2, $3, $4, $5, $6, $7) RETURNING "id"  [["created_at", "2014-11-17 20:07:28.342522"], ["percentage", 100], ["project_id", 3], ["start_date", "2015-01-01 00:00:00.000000"], ["status", 1], ["title_id", 2], ["updated_at", "2014-11-17 20:07:28.342522"]]
  [1m[36m (0.3ms)[0m  [1mCOMMIT[0m
  [1m[35mSkill Load (0.2ms)[0m  SELECT  "skills".* FROM "skills" WHERE "skills"."name" = $1 LIMIT 1  [["name", "HTML"]]
  [1m[36m (0.1ms)[0m  [1mBEGIN[0m
  [1m[35mSQL (1.8ms)[0m  INSERT INTO "skills_staffing_requests" ("skill_id", "staffing_request_id") VALUES ($1, $2) RETURNING "id"  [["skill_id", 1], ["staffing_request_id", 1]]
  [1m[36m (0.4ms)[0m  [1mCOMMIT[0m
  [1m[35mSkill Load (0.3ms)[0m  SELECT  "skills".* FROM "skills" WHERE "skills"."name" = $1 LIMIT 1  [["name", "CSS"]]
  [1m[36m (0.2ms)[0m  [1mBEGIN[0m
  [1m[35mSQL (0.3ms)[0m  INSERT INTO "skills_staffing_requests" ("skill_id", "staffing_request_id") VALUES ($1, $2) RETURNING "id"  [["skill_id", 2], ["staffing_request_id", 1]]
  [1m[36m (0.4ms)[0m  [1mCOMMIT[0m
  [1m[35mSkill Load (0.2ms)[0m  SELECT  "skills".* FROM "skills" WHERE "skills"."name" = $1 LIMIT 1  [["name", "PHP"]]
  [1m[36m (0.1ms)[0m  [1mBEGIN[0m
  [1m[35mSQL (0.2ms)[0m  INSERT INTO "skills_staffing_requests" ("skill_id", "staffing_request_id") VALUES ($1, $2) RETURNING "id"  [["skill_id", 4], ["staffing_request_id", 1]]
  [1m[36m (0.3ms)[0m  [1mCOMMIT[0m
  [1m[35mSkill Load (0.5ms)[0m  SELECT  "skills".* FROM "skills" WHERE "skills"."name" = $1 LIMIT 1  [["name", "JavaScript"]]
  [1m[36m (0.1ms)[0m  [1mBEGIN[0m
  [1m[35mSQL (0.2ms)[0m  INSERT INTO "skills_staffing_requests" ("skill_id", "staffing_request_id") VALUES ($1, $2) RETURNING "id"  [["skill_id", 3], ["staffing_request_id", 2]]
  [1m[36m (0.3ms)[0m  [1mCOMMIT[0m
  [1m[35m (0.1ms)[0m  BEGIN
  [1m[36mSQL (4.2ms)[0m  [1mINSERT INTO "allocations" ("created_at", "staffing_request_id", "updated_at", "user_id") VALUES ($1, $2, $3, $4) RETURNING "id"[0m  [["created_at", "2014-11-17 20:07:28.372867"], ["staffing_request_id", 1], ["updated_at", "2014-11-17 20:07:28.372867"], ["user_id", 2]]
  [1m[35m (0.3ms)[0m  COMMIT


Started GET "/" for ::1 at 2014-11-17 15:07:48 -0500
  [1m[36mActiveRecord::SchemaMigration Load (12.9ms)[0m  [1mSELECT "schema_migrations".* FROM "schema_migrations"[0m
Processing by Rails::WelcomeController#index as HTML
  Rendered /usr/local/var/rbenv/versions/2.1.2/lib/ruby/gems/2.1.0/gems/railties-4.2.0.beta2/lib/rails/templates/rails/welcome/index.html.erb (5.9ms)
Completed 200 OK in 41ms (Views: 40.6ms | ActiveRecord: 0.0ms)


Started GET "/users" for ::1 at 2014-11-17 15:08:08 -0500
Processing by UsersController#index as HTML
  [1m[35mUser Load (19.0ms)[0m  SELECT "users".* FROM "users"
  [1m[36mTitle Load (12.4ms)[0m  [1mSELECT  "titles".* FROM "titles" WHERE "titles"."id" = $1 LIMIT 1[0m  [["id", 3]]
  [1m[35mSkill Load (23.5ms)[0m  SELECT "skills".* FROM "skills" INNER JOIN "skills_users" ON "skills"."id" = "skills_users"."skill_id" WHERE "skills_users"."user_id" = $1  [["user_id", 1]]
  [1m[36mTitle Load (0.3ms)[0m  [1mSELECT  "titles".* FROM "titles" WHERE "titles"."id" = $1 LIMIT 1[0m  [["id", 2]]
  [1m[35mSkill Load (0.4ms)[0m  SELECT "skills".* FROM "skills" INNER JOIN "skills_users" ON "skills"."id" = "skills_users"."skill_id" WHERE "skills_users"."user_id" = $1  [["user_id", 2]]
Completed 200 OK in 147ms (Views: 71.2ms | ActiveRecord: 63.8ms)


Started POST "/users" for ::1 at 2014-11-17 15:08:37 -0500
Processing by UsersController#create as */*
  Parameters: {"price"=>"1000.99", "street"=>"57 Arch", "city"=>"Westborough", "state"=>"MA", "zipcode"=>nil, "phone"=>"508-836-2285"}
Completed 400 Bad Request in 0ms

ActionController::ParameterMissing (param is missing or the value is empty: user):
  app/controllers/users_controller.rb:54:in `user_params'
  app/controllers/users_controller.rb:21:in `create'


  Rendered /usr/local/var/rbenv/versions/2.1.2/lib/ruby/gems/2.1.0/gems/actionpack-4.2.0.beta2/lib/action_dispatch/middleware/templates/rescues/_source.erb (3.3ms)
  Rendered /usr/local/var/rbenv/versions/2.1.2/lib/ruby/gems/2.1.0/gems/actionpack-4.2.0.beta2/lib/action_dispatch/middleware/templates/rescues/_trace.html.erb (2.0ms)
  Rendered /usr/local/var/rbenv/versions/2.1.2/lib/ruby/gems/2.1.0/gems/actionpack-4.2.0.beta2/lib/action_dispatch/middleware/templates/rescues/_request_and_response.html.erb (1.3ms)
  Rendered /usr/local/var/rbenv/versions/2.1.2/lib/ruby/gems/2.1.0/gems/actionpack-4.2.0.beta2/lib/action_dispatch/middleware/templates/rescues/diagnostics.html.erb within rescues/layout (26.8ms)


Started GET "/users" for ::1 at 2014-11-17 15:08:45 -0500
Processing by UsersController#index as */*
  [1m[36mUser Load (0.3ms)[0m  [1mSELECT "users".* FROM "users"[0m
  [1m[35mTitle Load (0.3ms)[0m  SELECT  "titles".* FROM "titles" WHERE "titles"."id" = $1 LIMIT 1  [["id", 3]]
  [1m[36mSkill Load (0.9ms)[0m  [1mSELECT "skills".* FROM "skills" INNER JOIN "skills_users" ON "skills"."id" = "skills_users"."skill_id" WHERE "skills_users"."user_id" = $1[0m  [["user_id", 1]]
  [1m[35mTitle Load (0.6ms)[0m  SELECT  "titles".* FROM "titles" WHERE "titles"."id" = $1 LIMIT 1  [["id", 2]]
  [1m[36mSkill Load (0.7ms)[0m  [1mSELECT "skills".* FROM "skills" INNER JOIN "skills_users" ON "skills"."id" = "skills_users"."skill_id" WHERE "skills_users"."user_id" = $1[0m  [["user_id", 2]]
Completed 200 OK in 12ms (Views: 9.1ms | ActiveRecord: 2.9ms)


Started GET "/users" for ::1 at 2014-11-17 15:19:52 -0500
Processing by UsersController#index as HTML
  [1m[35mUser Load (0.6ms)[0m  SELECT "users".* FROM "users"
  [1m[36mTitle Load (0.9ms)[0m  [1mSELECT  "titles".* FROM "titles" WHERE "titles"."id" = $1 LIMIT 1[0m  [["id", 3]]
  [1m[35mSkill Load (0.4ms)[0m  SELECT "skills".* FROM "skills" INNER JOIN "skills_users" ON "skills"."id" = "skills_users"."skill_id" WHERE "skills_users"."user_id" = $1  [["user_id", 1]]
  [1m[36mTitle Load (0.3ms)[0m  [1mSELECT  "titles".* FROM "titles" WHERE "titles"."id" = $1 LIMIT 1[0m  [["id", 2]]
  [1m[35mSkill Load (0.4ms)[0m  SELECT "skills".* FROM "skills" INNER JOIN "skills_users" ON "skills"."id" = "skills_users"."skill_id" WHERE "skills_users"."user_id" = $1  [["user_id", 2]]
Completed 200 OK in 11ms (Views: 8.1ms | ActiveRecord: 2.6ms)


Started GET "/users" for ::1 at 2014-11-17 15:20:00 -0500
Processing by UsersController#index as HTML
  [1m[36mUser Load (0.3ms)[0m  [1mSELECT "users".* FROM "users"[0m
  [1m[35mTitle Load (0.2ms)[0m  SELECT  "titles".* FROM "titles" WHERE "titles"."id" = $1 LIMIT 1  [["id", 3]]
  [1m[36mSkill Load (0.2ms)[0m  [1mSELECT "skills".* FROM "skills" INNER JOIN "skills_users" ON "skills"."id" = "skills_users"."skill_id" WHERE "skills_users"."user_id" = $1[0m  [["user_id", 1]]
  [1m[35mTitle Load (0.2ms)[0m  SELECT  "titles".* FROM "titles" WHERE "titles"."id" = $1 LIMIT 1  [["id", 2]]
  [1m[36mSkill Load (0.2ms)[0m  [1mSELECT "skills".* FROM "skills" INNER JOIN "skills_users" ON "skills"."id" = "skills_users"."skill_id" WHERE "skills_users"."user_id" = $1[0m  [["user_id", 2]]
Completed 200 OK in 6ms (Views: 5.1ms | ActiveRecord: 1.1ms)


Started GET "/" for ::1 at 2014-11-17 15:21:59 -0500
Processing by Rails::WelcomeController#index as HTML
  Rendered /usr/local/var/rbenv/versions/2.1.2/lib/ruby/gems/2.1.0/gems/railties-4.2.0.beta2/lib/rails/templates/rails/welcome/index.html.erb (0.1ms)
Completed 200 OK in 2ms (Views: 1.8ms | ActiveRecord: 0.0ms)


Started GET "/users" for ::1 at 2014-11-17 15:22:06 -0500
Processing by UsersController#index as HTML
  [1m[35mUser Load (0.3ms)[0m  SELECT "users".* FROM "users"
  [1m[36mTitle Load (0.2ms)[0m  [1mSELECT  "titles".* FROM "titles" WHERE "titles"."id" = $1 LIMIT 1[0m  [["id", 3]]
  [1m[35mSkill Load (0.2ms)[0m  SELECT "skills".* FROM "skills" INNER JOIN "skills_users" ON "skills"."id" = "skills_users"."skill_id" WHERE "skills_users"."user_id" = $1  [["user_id", 1]]
  [1m[36mTitle Load (0.2ms)[0m  [1mSELECT  "titles".* FROM "titles" WHERE "titles"."id" = $1 LIMIT 1[0m  [["id", 2]]
  [1m[35mSkill Load (0.2ms)[0m  SELECT "skills".* FROM "skills" INNER JOIN "skills_users" ON "skills"."id" = "skills_users"."skill_id" WHERE "skills_users"."user_id" = $1  [["user_id", 2]]
Completed 200 OK in 7ms (Views: 5.3ms | ActiveRecord: 1.2ms)


Started GET "/users" for ::1 at 2014-11-17 15:24:31 -0500
Processing by UsersController#index as HTML
  [1m[36mUser Load (0.3ms)[0m  [1mSELECT "users".* FROM "users"[0m
  [1m[35mTitle Load (0.2ms)[0m  SELECT  "titles".* FROM "titles" WHERE "titles"."id" = $1 LIMIT 1  [["id", 3]]
  [1m[36mSkill Load (0.2ms)[0m  [1mSELECT "skills".* FROM "skills" INNER JOIN "skills_users" ON "skills"."id" = "skills_users"."skill_id" WHERE "skills_users"."user_id" = $1[0m  [["user_id", 1]]
  [1m[35mTitle Load (0.2ms)[0m  SELECT  "titles".* FROM "titles" WHERE "titles"."id" = $1 LIMIT 1  [["id", 2]]
  [1m[36mSkill Load (0.2ms)[0m  [1mSELECT "skills".* FROM "skills" INNER JOIN "skills_users" ON "skills"."id" = "skills_users"."skill_id" WHERE "skills_users"."user_id" = $1[0m  [["user_id", 2]]
Completed 200 OK in 7ms (Views: 5.9ms | ActiveRecord: 1.1ms)


Started GET "/users" for ::1 at 2014-11-17 15:24:37 -0500
Processing by UsersController#index as HTML
  [1m[35mUser Load (0.3ms)[0m  SELECT "users".* FROM "users"
  [1m[36mTitle Load (0.5ms)[0m  [1mSELECT  "titles".* FROM "titles" WHERE "titles"."id" = $1 LIMIT 1[0m  [["id", 3]]
  [1m[35mSkill Load (0.2ms)[0m  SELECT "skills".* FROM "skills" INNER JOIN "skills_users" ON "skills"."id" = "skills_users"."skill_id" WHERE "skills_users"."user_id" = $1  [["user_id", 1]]
  [1m[36mTitle Load (0.2ms)[0m  [1mSELECT  "titles".* FROM "titles" WHERE "titles"."id" = $1 LIMIT 1[0m  [["id", 2]]
  [1m[35mSkill Load (0.6ms)[0m  SELECT "skills".* FROM "skills" INNER JOIN "skills_users" ON "skills"."id" = "skills_users"."skill_id" WHERE "skills_users"."user_id" = $1  [["user_id", 2]]
Completed 200 OK in 11ms (Views: 8.6ms | ActiveRecord: 1.8ms)


Started GET "/titles" for ::1 at 2014-11-17 15:40:03 -0500
Processing by TitlesController#index as HTML
  [1m[36mTitle Load (0.3ms)[0m  [1mSELECT "titles".* FROM "titles"[0m
Completed 200 OK in 3ms (Views: 2.4ms | ActiveRecord: 0.3ms)


Started GET "/titles" for ::1 at 2014-11-17 15:42:04 -0500
Processing by TitlesController#index as HTML
  [1m[35mTitle Load (0.2ms)[0m  SELECT "titles".* FROM "titles"
Completed 200 OK in 3ms (Views: 2.5ms | ActiveRecord: 0.2ms)


Started GET "/titles" for ::1 at 2014-11-17 15:54:13 -0500
Processing by TitlesController#index as HTML
  [1m[36mTitle Load (0.3ms)[0m  [1mSELECT "titles".* FROM "titles"[0m
Completed 200 OK in 2ms (Views: 2.1ms | ActiveRecord: 0.3ms)


Started GET "/titles" for ::1 at 2014-11-17 16:02:31 -0500
Processing by TitlesController#index as HTML
  [1m[35mTitle Load (0.3ms)[0m  SELECT "titles".* FROM "titles"
Completed 200 OK in 3ms (Views: 2.1ms | ActiveRecord: 0.3ms)


Started GET "/titles" for ::1 at 2014-11-17 16:05:10 -0500
Processing by TitlesController#index as HTML
  [1m[36mTitle Load (0.3ms)[0m  [1mSELECT "titles".* FROM "titles"[0m
Completed 200 OK in 3ms (Views: 2.2ms | ActiveRecord: 0.3ms)


Started POST "/titles" for ::1 at 2014-11-17 16:05:18 -0500
Processing by TitlesController#create as HTML
  Parameters: {"name"=>"chief slacker"}
Completed 400 Bad Request in 0ms

ActionController::ParameterMissing (param is missing or the value is empty: title):
  app/controllers/titles_controller.rb:54:in `title_params'
  app/controllers/titles_controller.rb:21:in `create'


  Rendered /usr/local/var/rbenv/versions/2.1.2/lib/ruby/gems/2.1.0/gems/actionpack-4.2.0.beta2/lib/action_dispatch/middleware/templates/rescues/_source.erb (3.3ms)
  Rendered /usr/local/var/rbenv/versions/2.1.2/lib/ruby/gems/2.1.0/gems/actionpack-4.2.0.beta2/lib/action_dispatch/middleware/templates/rescues/_trace.html.erb (1.5ms)
  Rendered /usr/local/var/rbenv/versions/2.1.2/lib/ruby/gems/2.1.0/gems/actionpack-4.2.0.beta2/lib/action_dispatch/middleware/templates/rescues/_request_and_response.html.erb (0.6ms)
  Rendered /usr/local/var/rbenv/versions/2.1.2/lib/ruby/gems/2.1.0/gems/actionpack-4.2.0.beta2/lib/action_dispatch/middleware/templates/rescues/diagnostics.html.erb within rescues/layout (15.2ms)


Started GET "/titles" for ::1 at 2014-11-17 16:05:25 -0500
Processing by TitlesController#index as HTML
  [1m[35mTitle Load (0.4ms)[0m  SELECT "titles".* FROM "titles"
Completed 200 OK in 3ms (Views: 2.8ms | ActiveRecord: 0.4ms)


Started GET "/titles" for ::1 at 2014-11-17 16:06:02 -0500
Processing by TitlesController#index as HTML
  [1m[36mTitle Load (0.3ms)[0m  [1mSELECT "titles".* FROM "titles"[0m
Completed 200 OK in 3ms (Views: 2.1ms | ActiveRecord: 0.3ms)


Started POST "/titles" for ::1 at 2014-11-17 16:06:10 -0500
Processing by TitlesController#create as HTML
  Parameters: {"name"=>"chief slacker"}
Completed 400 Bad Request in 0ms

ActionController::ParameterMissing (param is missing or the value is empty: title):
  app/controllers/titles_controller.rb:54:in `title_params'
  app/controllers/titles_controller.rb:21:in `create'


  Rendered /usr/local/var/rbenv/versions/2.1.2/lib/ruby/gems/2.1.0/gems/actionpack-4.2.0.beta2/lib/action_dispatch/middleware/templates/rescues/_source.erb (3.8ms)
  Rendered /usr/local/var/rbenv/versions/2.1.2/lib/ruby/gems/2.1.0/gems/actionpack-4.2.0.beta2/lib/action_dispatch/middleware/templates/rescues/_trace.html.erb (1.6ms)
  Rendered /usr/local/var/rbenv/versions/2.1.2/lib/ruby/gems/2.1.0/gems/actionpack-4.2.0.beta2/lib/action_dispatch/middleware/templates/rescues/_request_and_response.html.erb (0.7ms)
  Rendered /usr/local/var/rbenv/versions/2.1.2/lib/ruby/gems/2.1.0/gems/actionpack-4.2.0.beta2/lib/action_dispatch/middleware/templates/rescues/diagnostics.html.erb within rescues/layout (14.5ms)


Started GET "/titles" for ::1 at 2014-11-17 16:06:14 -0500
Processing by TitlesController#index as HTML
  [1m[35mTitle Load (0.3ms)[0m  SELECT "titles".* FROM "titles"
Completed 200 OK in 3ms (Views: 2.7ms | ActiveRecord: 0.3ms)


Started GET "/titles" for ::1 at 2014-11-17 16:14:43 -0500
Processing by TitlesController#index as HTML
  [1m[36mTitle Load (0.3ms)[0m  [1mSELECT "titles".* FROM "titles"[0m
Completed 200 OK in 4ms (Views: 3.9ms | ActiveRecord: 0.3ms)


Started POST "/titles" for ::1 at 2014-11-17 16:14:48 -0500
Processing by TitlesController#create as HTML
  Parameters: {"title"=>{"name"=>"chief slacker"}}
  [1m[35m (0.2ms)[0m  BEGIN
  [1m[36mSQL (6.5ms)[0m  [1mINSERT INTO "titles" ("created_at", "name", "updated_at") VALUES ($1, $2, $3) RETURNING "id"[0m  [["created_at", "2014-11-17 21:14:48.677862"], ["name", "chief slacker"], ["updated_at", "2014-11-17 21:14:48.677862"]]
  [1m[35m (14.7ms)[0m  COMMIT
Completed 201 Created in 29ms (Views: 1.0ms | ActiveRecord: 21.4ms)


Started GET "/titles" for ::1 at 2014-11-17 16:29:57 -0500
Processing by TitlesController#index as HTML
  [1m[36mTitle Load (0.4ms)[0m  [1mSELECT "titles".* FROM "titles"[0m
Completed 200 OK in 4ms (Views: 3.2ms | ActiveRecord: 0.4ms)


Started GET "/titles" for ::1 at 2014-11-17 16:33:30 -0500
Processing by TitlesController#index as HTML
  [1m[35mTitle Load (0.4ms)[0m  SELECT "titles".* FROM "titles"
Completed 200 OK in 3ms (Views: 2.7ms | ActiveRecord: 0.4ms)


Started GET "/titles" for ::1 at 2014-11-17 16:33:32 -0500
Processing by TitlesController#index as HTML
  [1m[36mTitle Load (0.3ms)[0m  [1mSELECT "titles".* FROM "titles"[0m
Completed 200 OK in 4ms (Views: 3.1ms | ActiveRecord: 0.3ms)


Started GET "/titles" for ::1 at 2014-11-17 16:34:34 -0500
Processing by TitlesController#index as HTML
  [1m[35mTitle Load (0.4ms)[0m  SELECT "titles".* FROM "titles"
Completed 200 OK in 5ms (Views: 4.7ms | ActiveRecord: 0.4ms)


Started DELETE "/titles/1" for ::1 at 2014-11-17 16:34:35 -0500
Processing by TitlesController#destroy as HTML
  Parameters: {"id"=>"1"}
  [1m[36mTitle Load (0.3ms)[0m  [1mSELECT  "titles".* FROM "titles" WHERE "titles"."id" = $1 LIMIT 1[0m  [["id", 1]]
  [1m[35m (0.1ms)[0m  BEGIN
  [1m[36mSQL (0.3ms)[0m  [1mDELETE FROM "titles" WHERE "titles"."id" = $1[0m  [["id", 1]]
  [1m[35m (6.1ms)[0m  COMMIT
Completed 204 No Content in 21ms (ActiveRecord: 6.8ms)


Started DELETE "/titles/1" for ::1 at 2014-11-17 16:34:36 -0500
Processing by TitlesController#destroy as HTML
  Parameters: {"id"=>"1"}
  [1m[36mTitle Load (0.2ms)[0m  [1mSELECT  "titles".* FROM "titles" WHERE "titles"."id" = $1 LIMIT 1[0m  [["id", 1]]
Completed 404 Not Found in 1ms

ActiveRecord::RecordNotFound (Couldn't find Title with 'id'=1):
  app/controllers/titles_controller.rb:45:in `destroy'


  Rendered /usr/local/var/rbenv/versions/2.1.2/lib/ruby/gems/2.1.0/gems/actionpack-4.2.0.beta2/lib/action_dispatch/middleware/templates/rescues/_source.erb (2.9ms)
  Rendered /usr/local/var/rbenv/versions/2.1.2/lib/ruby/gems/2.1.0/gems/actionpack-4.2.0.beta2/lib/action_dispatch/middleware/templates/rescues/_trace.html.erb (1.4ms)
  Rendered /usr/local/var/rbenv/versions/2.1.2/lib/ruby/gems/2.1.0/gems/actionpack-4.2.0.beta2/lib/action_dispatch/middleware/templates/rescues/_request_and_response.html.erb (0.7ms)
  Rendered /usr/local/var/rbenv/versions/2.1.2/lib/ruby/gems/2.1.0/gems/actionpack-4.2.0.beta2/lib/action_dispatch/middleware/templates/rescues/diagnostics.html.erb within rescues/layout (13.7ms)


Started DELETE "/titles/2" for ::1 at 2014-11-17 16:34:38 -0500
Processing by TitlesController#destroy as HTML
  Parameters: {"id"=>"2"}
  [1m[35mTitle Load (0.2ms)[0m  SELECT  "titles".* FROM "titles" WHERE "titles"."id" = $1 LIMIT 1  [["id", 2]]
  [1m[36m (0.1ms)[0m  [1mBEGIN[0m
  [1m[35mSQL (0.2ms)[0m  DELETE FROM "titles" WHERE "titles"."id" = $1  [["id", 2]]
  [1m[36m (0.7ms)[0m  [1mCOMMIT[0m
Completed 204 No Content in 3ms (ActiveRecord: 1.3ms)


Started DELETE "/titles/1" for ::1 at 2014-11-17 16:34:40 -0500
Processing by TitlesController#destroy as HTML
  Parameters: {"id"=>"1"}
  [1m[35mTitle Load (0.2ms)[0m  SELECT  "titles".* FROM "titles" WHERE "titles"."id" = $1 LIMIT 1  [["id", 1]]
Completed 404 Not Found in 1ms

ActiveRecord::RecordNotFound (Couldn't find Title with 'id'=1):
  app/controllers/titles_controller.rb:45:in `destroy'


  Rendered /usr/local/var/rbenv/versions/2.1.2/lib/ruby/gems/2.1.0/gems/actionpack-4.2.0.beta2/lib/action_dispatch/middleware/templates/rescues/_source.erb (2.9ms)
  Rendered /usr/local/var/rbenv/versions/2.1.2/lib/ruby/gems/2.1.0/gems/actionpack-4.2.0.beta2/lib/action_dispatch/middleware/templates/rescues/_trace.html.erb (1.5ms)
  Rendered /usr/local/var/rbenv/versions/2.1.2/lib/ruby/gems/2.1.0/gems/actionpack-4.2.0.beta2/lib/action_dispatch/middleware/templates/rescues/_request_and_response.html.erb (0.7ms)
  Rendered /usr/local/var/rbenv/versions/2.1.2/lib/ruby/gems/2.1.0/gems/actionpack-4.2.0.beta2/lib/action_dispatch/middleware/templates/rescues/diagnostics.html.erb within rescues/layout (13.3ms)


Started GET "/titles" for ::1 at 2014-11-17 16:35:04 -0500
Processing by TitlesController#index as HTML
  [1m[36mTitle Load (0.2ms)[0m  [1mSELECT "titles".* FROM "titles"[0m
Completed 200 OK in 2ms (Views: 1.9ms | ActiveRecord: 0.2ms)


Started GET "/titles" for ::1 at 2014-11-17 16:35:21 -0500
Processing by TitlesController#index as HTML
  [1m[35mTitle Load (0.3ms)[0m  SELECT "titles".* FROM "titles"
Completed 200 OK in 3ms (Views: 2.2ms | ActiveRecord: 0.3ms)


Started GET "/titles" for ::1 at 2014-11-17 16:37:33 -0500
Processing by TitlesController#index as HTML
  [1m[36mTitle Load (0.2ms)[0m  [1mSELECT "titles".* FROM "titles"[0m
Completed 200 OK in 2ms (Views: 1.9ms | ActiveRecord: 0.2ms)


Started DELETE "/titles/3" for ::1 at 2014-11-17 16:37:38 -0500
Processing by TitlesController#destroy as HTML
  Parameters: {"id"=>"3"}
  [1m[35mTitle Load (0.2ms)[0m  SELECT  "titles".* FROM "titles" WHERE "titles"."id" = $1 LIMIT 1  [["id", 3]]
  [1m[36m (0.1ms)[0m  [1mBEGIN[0m
  [1m[35mSQL (0.2ms)[0m  DELETE FROM "titles" WHERE "titles"."id" = $1  [["id", 3]]
  [1m[36m (0.8ms)[0m  [1mCOMMIT[0m
Completed 204 No Content in 3ms (ActiveRecord: 1.4ms)


Started GET "/titles" for ::1 at 2014-11-17 16:37:48 -0500
Processing by TitlesController#index as HTML
  [1m[35mTitle Load (0.3ms)[0m  SELECT "titles".* FROM "titles"
Completed 200 OK in 2ms (Views: 1.7ms | ActiveRecord: 0.3ms)


Started GET "/titles" for ::1 at 2014-11-17 16:40:47 -0500
Processing by TitlesController#index as HTML
  [1m[36mTitle Load (0.3ms)[0m  [1mSELECT "titles".* FROM "titles"[0m
Completed 200 OK in 2ms (Views: 1.8ms | ActiveRecord: 0.3ms)


Started POST "/titles" for ::1 at 2014-11-17 16:41:02 -0500
Processing by TitlesController#create as HTML
  Parameters: {"title"=>{"name"=>"janitor"}}
  [1m[35m (0.3ms)[0m  BEGIN
  [1m[36mSQL (0.3ms)[0m  [1mINSERT INTO "titles" ("created_at", "name", "updated_at") VALUES ($1, $2, $3) RETURNING "id"[0m  [["created_at", "2014-11-17 21:41:02.268331"], ["name", "janitor"], ["updated_at", "2014-11-17 21:41:02.268331"]]
  [1m[35m (6.6ms)[0m  COMMIT
Completed 201 Created in 13ms (Views: 0.9ms | ActiveRecord: 7.2ms)


Started GET "/titles" for ::1 at 2014-11-17 16:43:12 -0500
Processing by TitlesController#index as HTML
  [1m[36mTitle Load (0.3ms)[0m  [1mSELECT "titles".* FROM "titles"[0m
Completed 200 OK in 2ms (Views: 2.0ms | ActiveRecord: 0.3ms)


Started GET "/titles" for ::1 at 2014-11-17 16:51:07 -0500
Processing by TitlesController#index as HTML
  [1m[35mTitle Load (0.4ms)[0m  SELECT "titles".* FROM "titles"
Completed 200 OK in 3ms (Views: 2.2ms | ActiveRecord: 0.4ms)


Started GET "/titles" for ::1 at 2014-11-17 16:53:39 -0500
Processing by TitlesController#index as HTML
  [1m[36mTitle Load (0.3ms)[0m  [1mSELECT "titles".* FROM "titles"[0m
Completed 200 OK in 2ms (Views: 1.9ms | ActiveRecord: 0.3ms)


Started GET "/titles" for ::1 at 2014-11-17 16:55:37 -0500
Processing by TitlesController#index as HTML
  [1m[35mTitle Load (0.3ms)[0m  SELECT "titles".* FROM "titles"
Completed 200 OK in 2ms (Views: 1.8ms | ActiveRecord: 0.3ms)


Started GET "/titles" for ::1 at 2014-11-17 16:58:51 -0500
Processing by TitlesController#index as HTML
  [1m[36mTitle Load (0.3ms)[0m  [1mSELECT "titles".* FROM "titles"[0m
Completed 200 OK in 3ms (Views: 2.3ms | ActiveRecord: 0.3ms)


Started DELETE "/titles/6" for ::1 at 2014-11-17 16:58:53 -0500
Processing by TitlesController#destroy as HTML
  Parameters: {"id"=>"6"}
  [1m[35mTitle Load (0.2ms)[0m  SELECT  "titles".* FROM "titles" WHERE "titles"."id" = $1 LIMIT 1  [["id", 6]]
  [1m[36m (0.2ms)[0m  [1mBEGIN[0m
  [1m[35mSQL (0.3ms)[0m  DELETE FROM "titles" WHERE "titles"."id" = $1  [["id", 6]]
  [1m[36m (0.8ms)[0m  [1mCOMMIT[0m
Completed 204 No Content in 4ms (ActiveRecord: 1.5ms)


Started GET "/titles" for ::1 at 2014-11-17 16:59:39 -0500
Processing by TitlesController#index as HTML
  [1m[35mTitle Load (0.3ms)[0m  SELECT "titles".* FROM "titles"
Completed 200 OK in 2ms (Views: 1.7ms | ActiveRecord: 0.3ms)


Started OPTIONS "/titles/4" for ::1 at 2014-11-17 16:59:41 -0500

ActionController::RoutingError (No route matches [OPTIONS] "/titles/4"):
  actionpack (4.2.0.beta2) lib/action_dispatch/middleware/debug_exceptions.rb:21:in `call'
  actionpack (4.2.0.beta2) lib/action_dispatch/middleware/show_exceptions.rb:30:in `call'
  railties (4.2.0.beta2) lib/rails/rack/logger.rb:38:in `call_app'
  railties (4.2.0.beta2) lib/rails/rack/logger.rb:20:in `block in call'
  activesupport (4.2.0.beta2) lib/active_support/tagged_logging.rb:68:in `block in tagged'
  activesupport (4.2.0.beta2) lib/active_support/tagged_logging.rb:26:in `tagged'
  activesupport (4.2.0.beta2) lib/active_support/tagged_logging.rb:68:in `tagged'
  railties (4.2.0.beta2) lib/rails/rack/logger.rb:20:in `call'
  actionpack (4.2.0.beta2) lib/action_dispatch/middleware/request_id.rb:21:in `call'
  rack (1.6.0.beta) lib/rack/runtime.rb:17:in `call'
  activesupport (4.2.0.beta2) lib/active_support/cache/strategy/local_cache_middleware.rb:28:in `call'
  rack (1.6.0.beta) lib/rack/lock.rb:17:in `call'
  actionpack (4.2.0.beta2) lib/action_dispatch/middleware/static.rb:103:in `call'
  rack-cors (0.2.9) lib/rack/cors.rb:54:in `call'
  railties (4.2.0.beta2) lib/rails/engine.rb:514:in `call'
  railties (4.2.0.beta2) lib/rails/application.rb:161:in `call'
  rack (1.6.0.beta) lib/rack/tempfile_reaper.rb:15:in `call'
  rack (1.6.0.beta) lib/rack/lint.rb:49:in `_call'
  rack (1.6.0.beta) lib/rack/lint.rb:37:in `call'
  rack (1.6.0.beta) lib/rack/showexceptions.rb:24:in `call'
  rack (1.6.0.beta) lib/rack/commonlogger.rb:33:in `call'
  rack (1.6.0.beta) lib/rack/chunked.rb:54:in `call'
  rack (1.6.0.beta) lib/rack/content_length.rb:15:in `call'
  rack (1.6.0.beta) lib/rack/handler/webrick.rb:89:in `service'
  /usr/local/var/rbenv/versions/2.1.2/lib/ruby/2.1.0/webrick/httpserver.rb:138:in `service'
  /usr/local/var/rbenv/versions/2.1.2/lib/ruby/2.1.0/webrick/httpserver.rb:94:in `run'
  /usr/local/var/rbenv/versions/2.1.2/lib/ruby/2.1.0/webrick/server.rb:295:in `block in start_thread'


  Rendered /usr/local/var/rbenv/versions/2.1.2/lib/ruby/gems/2.1.0/gems/actionpack-4.2.0.beta2/lib/action_dispatch/middleware/templates/rescues/_trace.html.erb (1.4ms)
  Rendered /usr/local/var/rbenv/versions/2.1.2/lib/ruby/gems/2.1.0/gems/actionpack-4.2.0.beta2/lib/action_dispatch/middleware/templates/routes/_route.html.erb (2.0ms)
  Rendered /usr/local/var/rbenv/versions/2.1.2/lib/ruby/gems/2.1.0/gems/actionpack-4.2.0.beta2/lib/action_dispatch/middleware/templates/routes/_table.html.erb (21.2ms)
  Rendered /usr/local/var/rbenv/versions/2.1.2/lib/ruby/gems/2.1.0/gems/actionpack-4.2.0.beta2/lib/action_dispatch/middleware/templates/rescues/routing_error.html.erb within rescues/layout (132.6ms)


Started OPTIONS "/titles/4" for ::1 at 2014-11-17 16:59:42 -0500

ActionController::RoutingError (No route matches [OPTIONS] "/titles/4"):
  actionpack (4.2.0.beta2) lib/action_dispatch/middleware/debug_exceptions.rb:21:in `call'
  actionpack (4.2.0.beta2) lib/action_dispatch/middleware/show_exceptions.rb:30:in `call'
  railties (4.2.0.beta2) lib/rails/rack/logger.rb:38:in `call_app'
  railties (4.2.0.beta2) lib/rails/rack/logger.rb:20:in `block in call'
  activesupport (4.2.0.beta2) lib/active_support/tagged_logging.rb:68:in `block in tagged'
  activesupport (4.2.0.beta2) lib/active_support/tagged_logging.rb:26:in `tagged'
  activesupport (4.2.0.beta2) lib/active_support/tagged_logging.rb:68:in `tagged'
  railties (4.2.0.beta2) lib/rails/rack/logger.rb:20:in `call'
  actionpack (4.2.0.beta2) lib/action_dispatch/middleware/request_id.rb:21:in `call'
  rack (1.6.0.beta) lib/rack/runtime.rb:17:in `call'
  activesupport (4.2.0.beta2) lib/active_support/cache/strategy/local_cache_middleware.rb:28:in `call'
  rack (1.6.0.beta) lib/rack/lock.rb:17:in `call'
  actionpack (4.2.0.beta2) lib/action_dispatch/middleware/static.rb:103:in `call'
  rack-cors (0.2.9) lib/rack/cors.rb:54:in `call'
  railties (4.2.0.beta2) lib/rails/engine.rb:514:in `call'
  railties (4.2.0.beta2) lib/rails/application.rb:161:in `call'
  rack (1.6.0.beta) lib/rack/tempfile_reaper.rb:15:in `call'
  rack (1.6.0.beta) lib/rack/lint.rb:49:in `_call'
  rack (1.6.0.beta) lib/rack/lint.rb:37:in `call'
  rack (1.6.0.beta) lib/rack/showexceptions.rb:24:in `call'
  rack (1.6.0.beta) lib/rack/commonlogger.rb:33:in `call'
  rack (1.6.0.beta) lib/rack/chunked.rb:54:in `call'
  rack (1.6.0.beta) lib/rack/content_length.rb:15:in `call'
  rack (1.6.0.beta) lib/rack/handler/webrick.rb:89:in `service'
  /usr/local/var/rbenv/versions/2.1.2/lib/ruby/2.1.0/webrick/httpserver.rb:138:in `service'
  /usr/local/var/rbenv/versions/2.1.2/lib/ruby/2.1.0/webrick/httpserver.rb:94:in `run'
  /usr/local/var/rbenv/versions/2.1.2/lib/ruby/2.1.0/webrick/server.rb:295:in `block in start_thread'


  Rendered /usr/local/var/rbenv/versions/2.1.2/lib/ruby/gems/2.1.0/gems/actionpack-4.2.0.beta2/lib/action_dispatch/middleware/templates/rescues/_trace.html.erb (1.3ms)
  Rendered /usr/local/var/rbenv/versions/2.1.2/lib/ruby/gems/2.1.0/gems/actionpack-4.2.0.beta2/lib/action_dispatch/middleware/templates/routes/_route.html.erb (1.7ms)
  Rendered /usr/local/var/rbenv/versions/2.1.2/lib/ruby/gems/2.1.0/gems/actionpack-4.2.0.beta2/lib/action_dispatch/middleware/templates/routes/_table.html.erb (0.8ms)
  Rendered /usr/local/var/rbenv/versions/2.1.2/lib/ruby/gems/2.1.0/gems/actionpack-4.2.0.beta2/lib/action_dispatch/middleware/templates/rescues/routing_error.html.erb within rescues/layout (28.3ms)


Started POST "/titles" for ::1 at 2014-11-17 17:00:05 -0500
Processing by TitlesController#create as HTML
  Parameters: {"title"=>{"id"=>4, "name"=>"senior manager", "created_at"=>"2014-11-17T20:07:28.068Z", "updated_at"=>"2014-11-17T20:07:28.068Z"}}
Unpermitted parameters: id, created_at, updated_at
  [1m[36m (0.2ms)[0m  [1mBEGIN[0m
  [1m[35mSQL (0.2ms)[0m  INSERT INTO "titles" ("created_at", "name", "updated_at") VALUES ($1, $2, $3) RETURNING "id"  [["created_at", "2014-11-17 22:00:05.832869"], ["name", "senior manager"], ["updated_at", "2014-11-17 22:00:05.832869"]]
  [1m[36m (6.0ms)[0m  [1mCOMMIT[0m
Completed 201 Created in 10ms (Views: 0.6ms | ActiveRecord: 6.4ms)


Started OPTIONS "/titles/7" for ::1 at 2014-11-17 17:00:16 -0500

ActionController::RoutingError (No route matches [OPTIONS] "/titles/7"):
  actionpack (4.2.0.beta2) lib/action_dispatch/middleware/debug_exceptions.rb:21:in `call'
  actionpack (4.2.0.beta2) lib/action_dispatch/middleware/show_exceptions.rb:30:in `call'
  railties (4.2.0.beta2) lib/rails/rack/logger.rb:38:in `call_app'
  railties (4.2.0.beta2) lib/rails/rack/logger.rb:20:in `block in call'
  activesupport (4.2.0.beta2) lib/active_support/tagged_logging.rb:68:in `block in tagged'
  activesupport (4.2.0.beta2) lib/active_support/tagged_logging.rb:26:in `tagged'
  activesupport (4.2.0.beta2) lib/active_support/tagged_logging.rb:68:in `tagged'
  railties (4.2.0.beta2) lib/rails/rack/logger.rb:20:in `call'
  actionpack (4.2.0.beta2) lib/action_dispatch/middleware/request_id.rb:21:in `call'
  rack (1.6.0.beta) lib/rack/runtime.rb:17:in `call'
  activesupport (4.2.0.beta2) lib/active_support/cache/strategy/local_cache_middleware.rb:28:in `call'
  rack (1.6.0.beta) lib/rack/lock.rb:17:in `call'
  actionpack (4.2.0.beta2) lib/action_dispatch/middleware/static.rb:103:in `call'
  rack-cors (0.2.9) lib/rack/cors.rb:54:in `call'
  railties (4.2.0.beta2) lib/rails/engine.rb:514:in `call'
  railties (4.2.0.beta2) lib/rails/application.rb:161:in `call'
  rack (1.6.0.beta) lib/rack/tempfile_reaper.rb:15:in `call'
  rack (1.6.0.beta) lib/rack/lint.rb:49:in `_call'
  rack (1.6.0.beta) lib/rack/lint.rb:37:in `call'
  rack (1.6.0.beta) lib/rack/showexceptions.rb:24:in `call'
  rack (1.6.0.beta) lib/rack/commonlogger.rb:33:in `call'
  rack (1.6.0.beta) lib/rack/chunked.rb:54:in `call'
  rack (1.6.0.beta) lib/rack/content_length.rb:15:in `call'
  rack (1.6.0.beta) lib/rack/handler/webrick.rb:89:in `service'
  /usr/local/var/rbenv/versions/2.1.2/lib/ruby/2.1.0/webrick/httpserver.rb:138:in `service'
  /usr/local/var/rbenv/versions/2.1.2/lib/ruby/2.1.0/webrick/httpserver.rb:94:in `run'
  /usr/local/var/rbenv/versions/2.1.2/lib/ruby/2.1.0/webrick/server.rb:295:in `block in start_thread'


  Rendered /usr/local/var/rbenv/versions/2.1.2/lib/ruby/gems/2.1.0/gems/actionpack-4.2.0.beta2/lib/action_dispatch/middleware/templates/rescues/_trace.html.erb (1.4ms)
  Rendered /usr/local/var/rbenv/versions/2.1.2/lib/ruby/gems/2.1.0/gems/actionpack-4.2.0.beta2/lib/action_dispatch/middleware/templates/routes/_route.html.erb (1.8ms)
  Rendered /usr/local/var/rbenv/versions/2.1.2/lib/ruby/gems/2.1.0/gems/actionpack-4.2.0.beta2/lib/action_dispatch/middleware/templates/routes/_table.html.erb (1.4ms)
  Rendered /usr/local/var/rbenv/versions/2.1.2/lib/ruby/gems/2.1.0/gems/actionpack-4.2.0.beta2/lib/action_dispatch/middleware/templates/rescues/routing_error.html.erb within rescues/layout (25.9ms)


Started POST "/titles" for ::1 at 2014-11-17 17:00:22 -0500
Processing by TitlesController#create as HTML
  Parameters: {"title"=>{"id"=>7, "name"=>"janitor extrodinaire", "created_at"=>"2014-11-17T21:41:02.268Z", "updated_at"=>"2014-11-17T21:41:02.268Z"}}
Unpermitted parameters: id, created_at, updated_at
  [1m[35m (0.2ms)[0m  BEGIN
  [1m[36mSQL (0.3ms)[0m  [1mINSERT INTO "titles" ("created_at", "name", "updated_at") VALUES ($1, $2, $3) RETURNING "id"[0m  [["created_at", "2014-11-17 22:00:22.635516"], ["name", "janitor extrodinaire"], ["updated_at", "2014-11-17 22:00:22.635516"]]
  [1m[35m (6.2ms)[0m  COMMIT
Completed 201 Created in 10ms (Views: 0.4ms | ActiveRecord: 6.6ms)


Started GET "/titles" for ::1 at 2014-11-17 17:00:28 -0500
Processing by TitlesController#index as HTML
  [1m[36mTitle Load (0.3ms)[0m  [1mSELECT "titles".* FROM "titles"[0m
Completed 200 OK in 4ms (Views: 3.8ms | ActiveRecord: 0.3ms)


Started POST "/titles" for ::1 at 2014-11-17 17:04:19 -0500
Processing by TitlesController#create as HTML
  Parameters: {"title"=>{"name"=>"new title"}}
  [1m[35m (0.1ms)[0m  BEGIN
  [1m[36mSQL (0.2ms)[0m  [1mINSERT INTO "titles" ("created_at", "name", "updated_at") VALUES ($1, $2, $3) RETURNING "id"[0m  [["created_at", "2014-11-17 22:04:19.652167"], ["name", "new title"], ["updated_at", "2014-11-17 22:04:19.652167"]]
  [1m[35m (7.0ms)[0m  COMMIT
Completed 201 Created in 11ms (Views: 0.4ms | ActiveRecord: 7.4ms)


Started GET "/titles" for ::1 at 2014-11-17 17:05:12 -0500
Processing by TitlesController#index as HTML
  [1m[36mTitle Load (0.3ms)[0m  [1mSELECT "titles".* FROM "titles"[0m
Completed 200 OK in 4ms (Views: 3.3ms | ActiveRecord: 0.3ms)


Started DELETE "/titles/7" for ::1 at 2014-11-17 17:05:19 -0500
Processing by TitlesController#destroy as HTML
  Parameters: {"id"=>"7"}
  [1m[35mTitle Load (0.3ms)[0m  SELECT  "titles".* FROM "titles" WHERE "titles"."id" = $1 LIMIT 1  [["id", 7]]
  [1m[36m (0.2ms)[0m  [1mBEGIN[0m
  [1m[35mSQL (0.2ms)[0m  DELETE FROM "titles" WHERE "titles"."id" = $1  [["id", 7]]
  [1m[36m (1.2ms)[0m  [1mCOMMIT[0m
Completed 204 No Content in 4ms (ActiveRecord: 1.9ms)


Started GET "/titles" for ::1 at 2014-11-17 17:05:24 -0500
Processing by TitlesController#index as HTML
  [1m[35mTitle Load (0.3ms)[0m  SELECT "titles".* FROM "titles"
Completed 200 OK in 3ms (Views: 2.3ms | ActiveRecord: 0.3ms)


Started POST "/titles" for ::1 at 2014-11-17 17:05:41 -0500
Processing by TitlesController#create as HTML
  Parameters: {"title"=>{"name"=>"one more"}}
  [1m[36m (0.2ms)[0m  [1mBEGIN[0m
  [1m[35mSQL (0.2ms)[0m  INSERT INTO "titles" ("created_at", "name", "updated_at") VALUES ($1, $2, $3) RETURNING "id"  [["created_at", "2014-11-17 22:05:41.615866"], ["name", "one more"], ["updated_at", "2014-11-17 22:05:41.615866"]]
  [1m[36m (6.0ms)[0m  [1mCOMMIT[0m
Completed 201 Created in 10ms (Views: 0.4ms | ActiveRecord: 6.4ms)


Started POST "/titles" for ::1 at 2014-11-17 17:05:47 -0500
Processing by TitlesController#create as HTML
  Parameters: {"title"=>{"name"=>"again"}}
  [1m[35m (0.2ms)[0m  BEGIN
  [1m[36mSQL (0.3ms)[0m  [1mINSERT INTO "titles" ("created_at", "name", "updated_at") VALUES ($1, $2, $3) RETURNING "id"[0m  [["created_at", "2014-11-17 22:05:47.222952"], ["name", "again"], ["updated_at", "2014-11-17 22:05:47.222952"]]
  [1m[35m (6.0ms)[0m  COMMIT
Completed 201 Created in 11ms (Views: 0.5ms | ActiveRecord: 6.5ms)


Started GET "/titles" for ::1 at 2014-11-17 17:18:02 -0500
Processing by TitlesController#index as HTML
  [1m[36mTitle Load (0.3ms)[0m  [1mSELECT "titles".* FROM "titles"[0m
Completed 200 OK in 4ms (Views: 3.5ms | ActiveRecord: 0.3ms)


Started GET "/titles" for ::1 at 2014-11-17 17:18:05 -0500
Processing by TitlesController#index as HTML
  [1m[35mTitle Load (0.3ms)[0m  SELECT "titles".* FROM "titles"
Completed 200 OK in 3ms (Views: 2.4ms | ActiveRecord: 0.3ms)


Started POST "/titles" for ::1 at 2014-11-17 17:18:14 -0500
Processing by TitlesController#create as HTML
  Parameters: {"title"=>{"name"=>"add one more"}}
  [1m[36m (0.1ms)[0m  [1mBEGIN[0m
  [1m[35mSQL (0.3ms)[0m  INSERT INTO "titles" ("created_at", "name", "updated_at") VALUES ($1, $2, $3) RETURNING "id"  [["created_at", "2014-11-17 22:18:14.273063"], ["name", "add one more"], ["updated_at", "2014-11-17 22:18:14.273063"]]
  [1m[36m (6.8ms)[0m  [1mCOMMIT[0m
Completed 201 Created in 11ms (Views: 0.4ms | ActiveRecord: 7.2ms)


Started GET "/titles" for ::1 at 2014-11-17 17:21:46 -0500
Processing by TitlesController#index as HTML
  [1m[35mTitle Load (0.3ms)[0m  SELECT "titles".* FROM "titles"
Completed 200 OK in 3ms (Views: 2.2ms | ActiveRecord: 0.3ms)


Started DELETE "/titles/13" for ::1 at 2014-11-17 17:21:51 -0500
Processing by TitlesController#destroy as HTML
  Parameters: {"id"=>"13"}
  [1m[36mTitle Load (0.2ms)[0m  [1mSELECT  "titles".* FROM "titles" WHERE "titles"."id" = $1 LIMIT 1[0m  [["id", 13]]
  [1m[35m (0.1ms)[0m  BEGIN
  [1m[36mSQL (0.2ms)[0m  [1mDELETE FROM "titles" WHERE "titles"."id" = $1[0m  [["id", 13]]
  [1m[35m (0.8ms)[0m  COMMIT
Completed 204 No Content in 3ms (ActiveRecord: 1.4ms)


Started DELETE "/titles/13" for ::1 at 2014-11-17 17:21:52 -0500
Processing by TitlesController#destroy as HTML
  Parameters: {"id"=>"13"}
  [1m[36mTitle Load (0.2ms)[0m  [1mSELECT  "titles".* FROM "titles" WHERE "titles"."id" = $1 LIMIT 1[0m  [["id", 13]]
Completed 404 Not Found in 1ms

ActiveRecord::RecordNotFound (Couldn't find Title with 'id'=13):
  app/controllers/titles_controller.rb:45:in `destroy'


  Rendered /usr/local/var/rbenv/versions/2.1.2/lib/ruby/gems/2.1.0/gems/actionpack-4.2.0.beta2/lib/action_dispatch/middleware/templates/rescues/_source.erb (4.3ms)
  Rendered /usr/local/var/rbenv/versions/2.1.2/lib/ruby/gems/2.1.0/gems/actionpack-4.2.0.beta2/lib/action_dispatch/middleware/templates/rescues/_trace.html.erb (1.7ms)
  Rendered /usr/local/var/rbenv/versions/2.1.2/lib/ruby/gems/2.1.0/gems/actionpack-4.2.0.beta2/lib/action_dispatch/middleware/templates/rescues/_request_and_response.html.erb (0.9ms)
  Rendered /usr/local/var/rbenv/versions/2.1.2/lib/ruby/gems/2.1.0/gems/actionpack-4.2.0.beta2/lib/action_dispatch/middleware/templates/rescues/diagnostics.html.erb within rescues/layout (20.7ms)


Started DELETE "/titles/13" for ::1 at 2014-11-17 17:21:52 -0500
Processing by TitlesController#destroy as HTML
  Parameters: {"id"=>"13"}
  [1m[35mTitle Load (0.3ms)[0m  SELECT  "titles".* FROM "titles" WHERE "titles"."id" = $1 LIMIT 1  [["id", 13]]
Completed 404 Not Found in 1ms

ActiveRecord::RecordNotFound (Couldn't find Title with 'id'=13):
  app/controllers/titles_controller.rb:45:in `destroy'


  Rendered /usr/local/var/rbenv/versions/2.1.2/lib/ruby/gems/2.1.0/gems/actionpack-4.2.0.beta2/lib/action_dispatch/middleware/templates/rescues/_source.erb (2.8ms)
  Rendered /usr/local/var/rbenv/versions/2.1.2/lib/ruby/gems/2.1.0/gems/actionpack-4.2.0.beta2/lib/action_dispatch/middleware/templates/rescues/_trace.html.erb (1.3ms)
  Rendered /usr/local/var/rbenv/versions/2.1.2/lib/ruby/gems/2.1.0/gems/actionpack-4.2.0.beta2/lib/action_dispatch/middleware/templates/rescues/_request_and_response.html.erb (0.6ms)
  Rendered /usr/local/var/rbenv/versions/2.1.2/lib/ruby/gems/2.1.0/gems/actionpack-4.2.0.beta2/lib/action_dispatch/middleware/templates/rescues/diagnostics.html.erb within rescues/layout (12.6ms)


Started GET "/titles" for ::1 at 2014-11-17 17:23:28 -0500
Processing by TitlesController#index as HTML
  [1m[36mTitle Load (0.3ms)[0m  [1mSELECT "titles".* FROM "titles"[0m
Completed 200 OK in 4ms (Views: 3.7ms | ActiveRecord: 0.3ms)


Started DELETE "/titles/9" for ::1 at 2014-11-17 17:25:09 -0500
Processing by TitlesController#destroy as HTML
  Parameters: {"id"=>"9"}
  [1m[35mTitle Load (0.2ms)[0m  SELECT  "titles".* FROM "titles" WHERE "titles"."id" = $1 LIMIT 1  [["id", 9]]
  [1m[36m (0.1ms)[0m  [1mBEGIN[0m
  [1m[35mSQL (0.2ms)[0m  DELETE FROM "titles" WHERE "titles"."id" = $1  [["id", 9]]
  [1m[36m (0.8ms)[0m  [1mCOMMIT[0m
Completed 204 No Content in 3ms (ActiveRecord: 1.3ms)


Started GET "/titles" for ::1 at 2014-11-17 17:25:09 -0500
Processing by TitlesController#index as HTML
  [1m[35mTitle Load (0.3ms)[0m  SELECT "titles".* FROM "titles"
Completed 200 OK in 2ms (Views: 2.0ms | ActiveRecord: 0.3ms)


Started GET "/titles" for ::1 at 2014-11-17 18:08:07 -0500
Processing by TitlesController#index as HTML
  [1m[36mTitle Load (0.3ms)[0m  [1mSELECT "titles".* FROM "titles"[0m
Completed 200 OK in 3ms (Views: 2.2ms | ActiveRecord: 0.3ms)


Started DELETE "/titles/8" for ::1 at 2014-11-17 18:08:12 -0500
Processing by TitlesController#destroy as HTML
  Parameters: {"id"=>"8"}
  [1m[35mTitle Load (0.2ms)[0m  SELECT  "titles".* FROM "titles" WHERE "titles"."id" = $1 LIMIT 1  [["id", 8]]
  [1m[36m (0.1ms)[0m  [1mBEGIN[0m
  [1m[35mSQL (0.2ms)[0m  DELETE FROM "titles" WHERE "titles"."id" = $1  [["id", 8]]
  [1m[36m (1.3ms)[0m  [1mCOMMIT[0m
Completed 204 No Content in 4ms (ActiveRecord: 1.9ms)


Started GET "/titles" for ::1 at 2014-11-17 18:12:29 -0500
Processing by TitlesController#index as HTML
  [1m[35mTitle Load (0.4ms)[0m  SELECT "titles".* FROM "titles"
Completed 200 OK in 3ms (Views: 2.1ms | ActiveRecord: 0.4ms)


Started GET "/titles" for ::1 at 2014-11-18 05:08:24 -0500
Processing by TitlesController#index as HTML
  [1m[36mTitle Load (0.4ms)[0m  [1mSELECT "titles".* FROM "titles"[0m
Completed 200 OK in 4ms (Views: 3.4ms | ActiveRecord: 0.4ms)


Started PUT "/titles/11" for ::1 at 2014-11-18 05:08:31 -0500
Processing by TitlesController#update as HTML
  Parameters: {"title"=>{"id"=>11, "name"=>"one more", "created_at"=>"2014-11-17T22:05:41.615Z", "updated_at"=>"2014-11-17T22:05:41.615Z"}, "id"=>"11"}
  [1m[35mTitle Load (0.2ms)[0m  SELECT  "titles".* FROM "titles" WHERE "titles"."id" = $1 LIMIT 1  [["id", 11]]
Unpermitted parameters: id, created_at, updated_at
  [1m[36m (0.1ms)[0m  [1mBEGIN[0m
  [1m[35m (0.1ms)[0m  COMMIT
Completed 204 No Content in 2ms (ActiveRecord: 0.5ms)


Started PUT "/titles/11" for ::1 at 2014-11-18 05:08:32 -0500
Processing by TitlesController#update as HTML
  Parameters: {"title"=>{"id"=>11, "name"=>"one more", "created_at"=>"2014-11-17T22:05:41.615Z", "updated_at"=>"2014-11-17T22:05:41.615Z"}, "id"=>"11"}
  [1m[36mTitle Load (0.2ms)[0m  [1mSELECT  "titles".* FROM "titles" WHERE "titles"."id" = $1 LIMIT 1[0m  [["id", 11]]
Unpermitted parameters: id, created_at, updated_at
  [1m[35m (0.2ms)[0m  BEGIN
  [1m[36m (0.1ms)[0m  [1mCOMMIT[0m
Completed 204 No Content in 2ms (ActiveRecord: 0.5ms)


Started PUT "/titles/11" for ::1 at 2014-11-18 05:08:32 -0500
Processing by TitlesController#update as HTML
  Parameters: {"title"=>{"id"=>11, "name"=>"one more", "created_at"=>"2014-11-17T22:05:41.615Z", "updated_at"=>"2014-11-17T22:05:41.615Z"}, "id"=>"11"}
  [1m[35mTitle Load (0.2ms)[0m  SELECT  "titles".* FROM "titles" WHERE "titles"."id" = $1 LIMIT 1  [["id", 11]]
Unpermitted parameters: id, created_at, updated_at
  [1m[36m (0.2ms)[0m  [1mBEGIN[0m
  [1m[35m (0.2ms)[0m  COMMIT
Completed 204 No Content in 2ms (ActiveRecord: 0.6ms)


Started PUT "/titles/11" for ::1 at 2014-11-18 05:08:33 -0500
Processing by TitlesController#update as HTML
  Parameters: {"title"=>{"id"=>11, "name"=>"one more", "created_at"=>"2014-11-17T22:05:41.615Z", "updated_at"=>"2014-11-17T22:05:41.615Z"}, "id"=>"11"}
  [1m[36mTitle Load (0.2ms)[0m  [1mSELECT  "titles".* FROM "titles" WHERE "titles"."id" = $1 LIMIT 1[0m  [["id", 11]]
Unpermitted parameters: id, created_at, updated_at
  [1m[35m (0.1ms)[0m  BEGIN
  [1m[36m (0.1ms)[0m  [1mCOMMIT[0m
Completed 204 No Content in 2ms (ActiveRecord: 0.5ms)


Started GET "/titles" for ::1 at 2014-11-18 05:14:30 -0500
Processing by TitlesController#index as HTML
  [1m[35mTitle Load (0.4ms)[0m  SELECT "titles".* FROM "titles"
Completed 200 OK in 7ms (Views: 6.7ms | ActiveRecord: 0.4ms)


Started DELETE "/titles/4" for ::1 at 2014-11-18 05:14:34 -0500
Processing by TitlesController#destroy as HTML
  Parameters: {"id"=>"4"}
  [1m[36mTitle Load (0.2ms)[0m  [1mSELECT  "titles".* FROM "titles" WHERE "titles"."id" = $1 LIMIT 1[0m  [["id", 4]]
  [1m[35m (0.1ms)[0m  BEGIN
  [1m[36mSQL (25.0ms)[0m  [1mDELETE FROM "titles" WHERE "titles"."id" = $1[0m  [["id", 4]]
  [1m[35m (1.6ms)[0m  COMMIT
Completed 204 No Content in 31ms (ActiveRecord: 26.9ms)


Started GET "/titles" for ::1 at 2014-11-18 05:14:51 -0500
Processing by TitlesController#index as HTML
  [1m[36mTitle Load (0.4ms)[0m  [1mSELECT "titles".* FROM "titles"[0m
Completed 200 OK in 4ms (Views: 3.8ms | ActiveRecord: 0.4ms)


Started GET "/titles" for ::1 at 2014-11-18 05:14:59 -0500
Processing by TitlesController#index as HTML
  [1m[35mTitle Load (0.3ms)[0m  SELECT "titles".* FROM "titles"
Completed 200 OK in 4ms (Views: 3.2ms | ActiveRecord: 0.3ms)


Started DELETE "/titles/5" for ::1 at 2014-11-18 05:15:31 -0500
Processing by TitlesController#destroy as HTML
  Parameters: {"id"=>"5"}
  [1m[36mTitle Load (0.2ms)[0m  [1mSELECT  "titles".* FROM "titles" WHERE "titles"."id" = $1 LIMIT 1[0m  [["id", 5]]
  [1m[35m (0.1ms)[0m  BEGIN
  [1m[36mSQL (0.2ms)[0m  [1mDELETE FROM "titles" WHERE "titles"."id" = $1[0m  [["id", 5]]
  [1m[35m (0.3ms)[0m  COMMIT
Completed 204 No Content in 4ms (ActiveRecord: 0.8ms)


Started GET "/titles" for ::1 at 2014-11-18 05:16:05 -0500
Processing by TitlesController#index as HTML
  [1m[36mTitle Load (1.0ms)[0m  [1mSELECT "titles".* FROM "titles"[0m
Completed 200 OK in 6ms (Views: 5.1ms | ActiveRecord: 1.0ms)


Started DELETE "/titles/12" for ::1 at 2014-11-18 05:19:05 -0500
Processing by TitlesController#destroy as HTML
  Parameters: {"id"=>"12"}
  [1m[35mTitle Load (0.2ms)[0m  SELECT  "titles".* FROM "titles" WHERE "titles"."id" = $1 LIMIT 1  [["id", 12]]
  [1m[36m (0.2ms)[0m  [1mBEGIN[0m
  [1m[35mSQL (0.2ms)[0m  DELETE FROM "titles" WHERE "titles"."id" = $1  [["id", 12]]
  [1m[36m (6.4ms)[0m  [1mCOMMIT[0m
Completed 204 No Content in 10ms (ActiveRecord: 7.0ms)


Started GET "/titles" for ::1 at 2014-11-18 05:21:28 -0500
Processing by TitlesController#index as HTML
  [1m[35mTitle Load (0.3ms)[0m  SELECT "titles".* FROM "titles"
Completed 200 OK in 3ms (Views: 3.0ms | ActiveRecord: 0.3ms)


Started GET "/titles" for ::1 at 2014-11-18 05:23:45 -0500
Processing by TitlesController#index as HTML
  [1m[36mTitle Load (0.3ms)[0m  [1mSELECT "titles".* FROM "titles"[0m
Completed 200 OK in 4ms (Views: 3.3ms | ActiveRecord: 0.3ms)


Started GET "/titles" for ::1 at 2014-11-18 05:24:48 -0500
Processing by TitlesController#index as HTML
  [1m[35mTitle Load (0.4ms)[0m  SELECT "titles".* FROM "titles"
Completed 200 OK in 3ms (Views: 2.8ms | ActiveRecord: 0.4ms)


Started GET "/titles" for ::1 at 2014-11-18 05:32:35 -0500
Processing by TitlesController#index as HTML
  [1m[36mTitle Load (0.4ms)[0m  [1mSELECT "titles".* FROM "titles"[0m
Completed 200 OK in 4ms (Views: 3.0ms | ActiveRecord: 0.4ms)


Started POST "/titles" for ::1 at 2014-11-18 05:33:10 -0500
Processing by TitlesController#create as HTML
  Parameters: {"title"=>{"name"=>"janitor extrodinaire"}}
  [1m[35m (0.2ms)[0m  BEGIN
  [1m[36mSQL (25.5ms)[0m  [1mINSERT INTO "titles" ("created_at", "name", "updated_at") VALUES ($1, $2, $3) RETURNING "id"[0m  [["created_at", "2014-11-18 10:33:10.623301"], ["name", "janitor extrodinaire"], ["updated_at", "2014-11-18 10:33:10.623301"]]
  [1m[35m (1.0ms)[0m  COMMIT
Completed 201 Created in 35ms (Views: 1.7ms | ActiveRecord: 26.8ms)


Started POST "/titles" for ::1 at 2014-11-18 05:33:23 -0500
Processing by TitlesController#create as HTML
  Parameters: {"title"=>{"name"=>"senior manager"}}
  [1m[36m (0.1ms)[0m  [1mBEGIN[0m
  [1m[35mSQL (0.2ms)[0m  INSERT INTO "titles" ("created_at", "name", "updated_at") VALUES ($1, $2, $3) RETURNING "id"  [["created_at", "2014-11-18 10:33:23.176839"], ["name", "senior manager"], ["updated_at", "2014-11-18 10:33:23.176839"]]
  [1m[36m (6.0ms)[0m  [1mCOMMIT[0m
Completed 201 Created in 10ms (Views: 0.5ms | ActiveRecord: 6.3ms)


Started POST "/titles" for ::1 at 2014-11-18 05:33:28 -0500
Processing by TitlesController#create as HTML
  Parameters: {"title"=>{"name"=>"director"}}
  [1m[35m (0.2ms)[0m  BEGIN
  [1m[36mSQL (0.3ms)[0m  [1mINSERT INTO "titles" ("created_at", "name", "updated_at") VALUES ($1, $2, $3) RETURNING "id"[0m  [["created_at", "2014-11-18 10:33:28.672829"], ["name", "director"], ["updated_at", "2014-11-18 10:33:28.672829"]]
  [1m[35m (5.9ms)[0m  COMMIT
Completed 201 Created in 10ms (Views: 0.4ms | ActiveRecord: 6.4ms)


Started GET "/titles" for ::1 at 2014-11-18 05:33:32 -0500
Processing by TitlesController#index as HTML
  [1m[36mTitle Load (0.3ms)[0m  [1mSELECT "titles".* FROM "titles"[0m
Completed 200 OK in 4ms (Views: 3.3ms | ActiveRecord: 0.3ms)


Started GET "/titles" for ::1 at 2014-11-18 05:34:18 -0500
Processing by TitlesController#index as HTML
  [1m[35mTitle Load (0.3ms)[0m  SELECT "titles".* FROM "titles"
Completed 200 OK in 5ms (Views: 4.2ms | ActiveRecord: 0.3ms)


Started GET "/titles" for ::1 at 2014-11-18 05:34:26 -0500
Processing by TitlesController#index as HTML
  [1m[36mTitle Load (0.3ms)[0m  [1mSELECT "titles".* FROM "titles"[0m
Completed 200 OK in 3ms (Views: 2.5ms | ActiveRecord: 0.3ms)


Started PUT "/titles/16" for ::1 at 2014-11-18 05:34:30 -0500
Processing by TitlesController#update as HTML
  Parameters: {"title"=>{"id"=>16, "name"=>"director", "created_at"=>"2014-11-18T10:33:28.672Z", "updated_at"=>"2014-11-18T10:33:28.672Z"}, "id"=>"16"}
  [1m[35mTitle Load (0.2ms)[0m  SELECT  "titles".* FROM "titles" WHERE "titles"."id" = $1 LIMIT 1  [["id", 16]]
Unpermitted parameters: id, created_at, updated_at
  [1m[36m (0.3ms)[0m  [1mBEGIN[0m
  [1m[35m (0.1ms)[0m  COMMIT
Completed 204 No Content in 2ms (ActiveRecord: 0.6ms)


Started DELETE "/titles/16" for ::1 at 2014-11-18 05:34:34 -0500
Processing by TitlesController#destroy as HTML
  Parameters: {"id"=>"16"}
  [1m[36mTitle Load (0.2ms)[0m  [1mSELECT  "titles".* FROM "titles" WHERE "titles"."id" = $1 LIMIT 1[0m  [["id", 16]]
  [1m[35m (0.2ms)[0m  BEGIN
  [1m[36mSQL (0.2ms)[0m  [1mDELETE FROM "titles" WHERE "titles"."id" = $1[0m  [["id", 16]]
  [1m[35m (0.8ms)[0m  COMMIT
Completed 204 No Content in 4ms (ActiveRecord: 1.4ms)


Started GET "/titles" for ::1 at 2014-11-18 05:35:01 -0500
Processing by TitlesController#index as HTML
  [1m[36mTitle Load (0.3ms)[0m  [1mSELECT "titles".* FROM "titles"[0m
Completed 200 OK in 3ms (Views: 2.2ms | ActiveRecord: 0.3ms)


Started POST "/titles" for ::1 at 2014-11-18 05:35:08 -0500
Processing by TitlesController#create as HTML
  Parameters: {"title"=>{"name"=>"director"}}
  [1m[35m (0.1ms)[0m  BEGIN
  [1m[36mSQL (0.2ms)[0m  [1mINSERT INTO "titles" ("created_at", "name", "updated_at") VALUES ($1, $2, $3) RETURNING "id"[0m  [["created_at", "2014-11-18 10:35:08.483158"], ["name", "director"], ["updated_at", "2014-11-18 10:35:08.483158"]]
  [1m[35m (0.8ms)[0m  COMMIT
Completed 201 Created in 4ms (Views: 0.3ms | ActiveRecord: 1.2ms)


Started GET "/titles" for ::1 at 2014-11-18 05:35:25 -0500
Processing by TitlesController#index as HTML
  [1m[36mTitle Load (0.3ms)[0m  [1mSELECT "titles".* FROM "titles"[0m
Completed 200 OK in 3ms (Views: 2.1ms | ActiveRecord: 0.3ms)


Started GET "/titles" for ::1 at 2014-11-18 05:37:44 -0500
Processing by TitlesController#index as HTML
  [1m[35mTitle Load (0.3ms)[0m  SELECT "titles".* FROM "titles"
Completed 200 OK in 2ms (Views: 1.9ms | ActiveRecord: 0.3ms)


Started PUT "/titles/14" for ::1 at 2014-11-18 05:37:59 -0500
Processing by TitlesController#update as HTML
  Parameters: {"title"=>{"id"=>14, "name"=>"janitor", "created_at"=>"2014-11-18T10:33:10.623Z", "updated_at"=>"2014-11-18T10:33:10.623Z"}, "id"=>"14"}
  [1m[36mTitle Load (0.2ms)[0m  [1mSELECT  "titles".* FROM "titles" WHERE "titles"."id" = $1 LIMIT 1[0m  [["id", 14]]
Unpermitted parameters: id, created_at, updated_at
  [1m[35m (0.1ms)[0m  BEGIN
  [1m[36mSQL (2.2ms)[0m  [1mUPDATE "titles" SET "name" = $1, "updated_at" = $2 WHERE "titles"."id" = 14[0m  [["name", "janitor"], ["updated_at", "2014-11-18 10:37:59.681267"]]
  [1m[35m (0.3ms)[0m  COMMIT
Completed 204 No Content in 30ms (ActiveRecord: 2.8ms)


Started PUT "/titles/14" for ::1 at 2014-11-18 05:38:01 -0500
Processing by TitlesController#update as HTML
  Parameters: {"title"=>{"id"=>14, "name"=>"janitor", "created_at"=>"2014-11-18T10:33:10.623Z", "updated_at"=>"2014-11-18T10:33:10.623Z"}, "id"=>"14"}
  [1m[36mTitle Load (0.2ms)[0m  [1mSELECT  "titles".* FROM "titles" WHERE "titles"."id" = $1 LIMIT 1[0m  [["id", 14]]
Unpermitted parameters: id, created_at, updated_at
  [1m[35m (0.1ms)[0m  BEGIN
  [1m[36m (0.2ms)[0m  [1mCOMMIT[0m
Completed 204 No Content in 2ms (ActiveRecord: 0.5ms)


Started GET "/titles" for ::1 at 2014-11-18 05:38:34 -0500
Processing by TitlesController#index as HTML
  [1m[35mTitle Load (0.3ms)[0m  SELECT "titles".* FROM "titles"
Completed 200 OK in 2ms (Views: 1.9ms | ActiveRecord: 0.3ms)


Started PUT "/titles/14" for ::1 at 2014-11-18 05:38:37 -0500
Processing by TitlesController#update as HTML
  Parameters: {"title"=>{"id"=>14, "name"=>"janitor", "created_at"=>"2014-11-18T10:33:10.623Z", "updated_at"=>"2014-11-18T10:37:59.681Z"}, "id"=>"14"}
  [1m[36mTitle Load (0.2ms)[0m  [1mSELECT  "titles".* FROM "titles" WHERE "titles"."id" = $1 LIMIT 1[0m  [["id", 14]]
Unpermitted parameters: id, created_at, updated_at
  [1m[35m (0.2ms)[0m  BEGIN
  [1m[36m (0.1ms)[0m  [1mCOMMIT[0m
Completed 204 No Content in 2ms (ActiveRecord: 0.5ms)


Started PUT "/titles/14" for ::1 at 2014-11-18 05:38:43 -0500
Processing by TitlesController#update as HTML
  Parameters: {"title"=>{"id"=>14, "name"=>"janitor extrodinaire", "created_at"=>"2014-11-18T10:33:10.623Z", "updated_at"=>"2014-11-18T10:37:59.681Z"}, "id"=>"14"}
  [1m[35mTitle Load (0.4ms)[0m  SELECT  "titles".* FROM "titles" WHERE "titles"."id" = $1 LIMIT 1  [["id", 14]]
Unpermitted parameters: id, created_at, updated_at
  [1m[36m (0.2ms)[0m  [1mBEGIN[0m
  [1m[35mSQL (0.3ms)[0m  UPDATE "titles" SET "name" = $1, "updated_at" = $2 WHERE "titles"."id" = 14  [["name", "janitor extrodinaire"], ["updated_at", "2014-11-18 10:38:43.500276"]]
  [1m[36m (0.9ms)[0m  [1mCOMMIT[0m
Completed 204 No Content in 5ms (ActiveRecord: 1.7ms)


Started GET "/titles" for ::1 at 2014-11-18 05:38:52 -0500
Processing by TitlesController#index as HTML
  [1m[35mTitle Load (0.3ms)[0m  SELECT "titles".* FROM "titles"
Completed 200 OK in 2ms (Views: 1.9ms | ActiveRecord: 0.3ms)


Started PUT "/titles/14" for ::1 at 2014-11-18 05:39:48 -0500
Processing by TitlesController#update as HTML
  Parameters: {"title"=>{"id"=>14, "name"=>"janitor extrodinaire", "created_at"=>"2014-11-18T10:33:10.623Z", "updated_at"=>"2014-11-18T10:38:43.500Z"}, "id"=>"14"}
  [1m[36mTitle Load (0.4ms)[0m  [1mSELECT  "titles".* FROM "titles" WHERE "titles"."id" = $1 LIMIT 1[0m  [["id", 14]]
Unpermitted parameters: id, created_at, updated_at
  [1m[35m (0.2ms)[0m  BEGIN
  [1m[36m (0.2ms)[0m  [1mCOMMIT[0m
Completed 204 No Content in 3ms (ActiveRecord: 0.8ms)


Started PUT "/titles/14" for ::1 at 2014-11-18 05:39:55 -0500
Processing by TitlesController#update as HTML
  Parameters: {"title"=>{"id"=>14, "name"=>"janitor", "created_at"=>"2014-11-18T10:33:10.623Z", "updated_at"=>"2014-11-18T10:38:43.500Z"}, "id"=>"14"}
  [1m[35mTitle Load (0.2ms)[0m  SELECT  "titles".* FROM "titles" WHERE "titles"."id" = $1 LIMIT 1  [["id", 14]]
Unpermitted parameters: id, created_at, updated_at
  [1m[36m (0.1ms)[0m  [1mBEGIN[0m
  [1m[35mSQL (0.4ms)[0m  UPDATE "titles" SET "name" = $1, "updated_at" = $2 WHERE "titles"."id" = 14  [["name", "janitor"], ["updated_at", "2014-11-18 10:39:55.136636"]]
  [1m[36m (6.3ms)[0m  [1mCOMMIT[0m
Completed 204 No Content in 11ms (ActiveRecord: 7.0ms)


Started PUT "/titles/14" for ::1 at 2014-11-18 05:39:57 -0500
Processing by TitlesController#update as HTML
  Parameters: {"title"=>{"id"=>14, "name"=>"janitor", "created_at"=>"2014-11-18T10:33:10.623Z", "updated_at"=>"2014-11-18T10:38:43.500Z"}, "id"=>"14"}
  [1m[35mTitle Load (0.2ms)[0m  SELECT  "titles".* FROM "titles" WHERE "titles"."id" = $1 LIMIT 1  [["id", 14]]
Unpermitted parameters: id, created_at, updated_at
  [1m[36m (0.1ms)[0m  [1mBEGIN[0m
  [1m[35m (0.1ms)[0m  COMMIT
Completed 204 No Content in 2ms (ActiveRecord: 0.5ms)


Started GET "/titles" for ::1 at 2014-11-18 05:40:08 -0500
Processing by TitlesController#index as HTML
  [1m[36mTitle Load (0.3ms)[0m  [1mSELECT "titles".* FROM "titles"[0m
Completed 200 OK in 3ms (Views: 2.2ms | ActiveRecord: 0.3ms)


Started POST "/titles" for ::1 at 2014-11-18 05:40:59 -0500
Processing by TitlesController#create as HTML
  Parameters: {"title"=>{"name"=>"cart attendant"}}
  [1m[35m (0.2ms)[0m  BEGIN
  [1m[36mSQL (0.4ms)[0m  [1mINSERT INTO "titles" ("created_at", "name", "updated_at") VALUES ($1, $2, $3) RETURNING "id"[0m  [["created_at", "2014-11-18 10:40:59.575887"], ["name", "cart attendant"], ["updated_at", "2014-11-18 10:40:59.575887"]]
  [1m[35m (6.1ms)[0m  COMMIT
Completed 201 Created in 10ms (Views: 0.4ms | ActiveRecord: 6.7ms)


Started DELETE "/titles/18" for ::1 at 2014-11-18 05:41:02 -0500
Processing by TitlesController#destroy as HTML
  Parameters: {"id"=>"18"}
  [1m[36mTitle Load (0.2ms)[0m  [1mSELECT  "titles".* FROM "titles" WHERE "titles"."id" = $1 LIMIT 1[0m  [["id", 18]]
  [1m[35m (0.1ms)[0m  BEGIN
  [1m[36mSQL (0.2ms)[0m  [1mDELETE FROM "titles" WHERE "titles"."id" = $1[0m  [["id", 18]]
  [1m[35m (0.9ms)[0m  COMMIT
Completed 204 No Content in 3ms (ActiveRecord: 1.4ms)


Started GET "/titles" for ::1 at 2014-11-18 05:44:00 -0500
Processing by TitlesController#index as HTML
  [1m[36mTitle Load (0.3ms)[0m  [1mSELECT "titles".* FROM "titles"[0m
Completed 200 OK in 2ms (Views: 1.9ms | ActiveRecord: 0.3ms)


Started DELETE "/titles/17" for ::1 at 2014-11-18 05:44:11 -0500
Processing by TitlesController#destroy as HTML
  Parameters: {"id"=>"17"}
  [1m[35mTitle Load (0.2ms)[0m  SELECT  "titles".* FROM "titles" WHERE "titles"."id" = $1 LIMIT 1  [["id", 17]]
  [1m[36m (0.1ms)[0m  [1mBEGIN[0m
  [1m[35mSQL (0.2ms)[0m  DELETE FROM "titles" WHERE "titles"."id" = $1  [["id", 17]]
  [1m[36m (0.8ms)[0m  [1mCOMMIT[0m
Completed 204 No Content in 3ms (ActiveRecord: 1.3ms)


Started PUT "/titles/14" for ::1 at 2014-11-18 05:44:17 -0500
Processing by TitlesController#update as HTML
  Parameters: {"title"=>{"id"=>14, "name"=>"janitor", "created_at"=>"2014-11-18T10:33:10.623Z", "updated_at"=>"2014-11-18T10:39:55.136Z"}, "id"=>"14"}
  [1m[35mTitle Load (0.2ms)[0m  SELECT  "titles".* FROM "titles" WHERE "titles"."id" = $1 LIMIT 1  [["id", 14]]
Unpermitted parameters: id, created_at, updated_at
  [1m[36m (0.1ms)[0m  [1mBEGIN[0m
  [1m[35m (0.2ms)[0m  COMMIT
Completed 204 No Content in 2ms (ActiveRecord: 0.5ms)


Started PUT "/titles/14" for ::1 at 2014-11-18 05:44:18 -0500
Processing by TitlesController#update as HTML
  Parameters: {"title"=>{"id"=>14, "name"=>"janitor", "created_at"=>"2014-11-18T10:33:10.623Z", "updated_at"=>"2014-11-18T10:39:55.136Z"}, "id"=>"14"}
  [1m[36mTitle Load (0.2ms)[0m  [1mSELECT  "titles".* FROM "titles" WHERE "titles"."id" = $1 LIMIT 1[0m  [["id", 14]]
Unpermitted parameters: id, created_at, updated_at
  [1m[35m (0.1ms)[0m  BEGIN
  [1m[36m (0.2ms)[0m  [1mCOMMIT[0m
Completed 204 No Content in 2ms (ActiveRecord: 0.5ms)


Started PUT "/titles/14" for ::1 at 2014-11-18 05:44:19 -0500
Processing by TitlesController#update as HTML
  Parameters: {"title"=>{"id"=>14, "name"=>"janitor", "created_at"=>"2014-11-18T10:33:10.623Z", "updated_at"=>"2014-11-18T10:39:55.136Z"}, "id"=>"14"}
  [1m[35mTitle Load (0.2ms)[0m  SELECT  "titles".* FROM "titles" WHERE "titles"."id" = $1 LIMIT 1  [["id", 14]]
Unpermitted parameters: id, created_at, updated_at
  [1m[36m (0.1ms)[0m  [1mBEGIN[0m
  [1m[35m (0.2ms)[0m  COMMIT
Completed 204 No Content in 2ms (ActiveRecord: 0.5ms)


Started PUT "/titles/14" for ::1 at 2014-11-18 05:44:20 -0500
Processing by TitlesController#update as HTML
  Parameters: {"title"=>{"id"=>14, "name"=>"janitor", "created_at"=>"2014-11-18T10:33:10.623Z", "updated_at"=>"2014-11-18T10:39:55.136Z"}, "id"=>"14"}
  [1m[36mTitle Load (0.2ms)[0m  [1mSELECT  "titles".* FROM "titles" WHERE "titles"."id" = $1 LIMIT 1[0m  [["id", 14]]
Unpermitted parameters: id, created_at, updated_at
  [1m[35m (0.1ms)[0m  BEGIN
  [1m[36m (0.2ms)[0m  [1mCOMMIT[0m
Completed 204 No Content in 2ms (ActiveRecord: 0.5ms)


Started PUT "/titles/14" for ::1 at 2014-11-18 05:44:20 -0500
Processing by TitlesController#update as HTML
  Parameters: {"title"=>{"id"=>14, "name"=>"janitor", "created_at"=>"2014-11-18T10:33:10.623Z", "updated_at"=>"2014-11-18T10:39:55.136Z"}, "id"=>"14"}
  [1m[35mTitle Load (0.2ms)[0m  SELECT  "titles".* FROM "titles" WHERE "titles"."id" = $1 LIMIT 1  [["id", 14]]
Unpermitted parameters: id, created_at, updated_at
  [1m[36m (0.1ms)[0m  [1mBEGIN[0m
  [1m[35m (0.1ms)[0m  COMMIT
Completed 204 No Content in 2ms (ActiveRecord: 0.5ms)


Started PUT "/titles/11" for ::1 at 2014-11-18 05:44:25 -0500
Processing by TitlesController#update as HTML
  Parameters: {"title"=>{"id"=>11, "name"=>"one more", "created_at"=>"2014-11-17T22:05:41.615Z", "updated_at"=>"2014-11-17T22:05:41.615Z"}, "id"=>"11"}
  [1m[36mTitle Load (0.2ms)[0m  [1mSELECT  "titles".* FROM "titles" WHERE "titles"."id" = $1 LIMIT 1[0m  [["id", 11]]
Unpermitted parameters: id, created_at, updated_at
  [1m[35m (0.2ms)[0m  BEGIN
  [1m[36m (0.1ms)[0m  [1mCOMMIT[0m
Completed 204 No Content in 2ms (ActiveRecord: 0.6ms)


Started GET "/titles" for ::1 at 2014-11-18 05:45:29 -0500
Processing by TitlesController#index as HTML
  [1m[35mTitle Load (0.3ms)[0m  SELECT "titles".* FROM "titles"
Completed 200 OK in 2ms (Views: 1.8ms | ActiveRecord: 0.3ms)


Started PUT "/titles/15" for ::1 at 2014-11-18 05:46:00 -0500
Processing by TitlesController#update as HTML
  Parameters: {"title"=>{"id"=>15, "name"=>"senior manager", "created_at"=>"2014-11-18T10:33:23.176Z", "updated_at"=>"2014-11-18T10:33:23.176Z"}, "id"=>"15"}
  [1m[36mTitle Load (0.2ms)[0m  [1mSELECT  "titles".* FROM "titles" WHERE "titles"."id" = $1 LIMIT 1[0m  [["id", 15]]
Unpermitted parameters: id, created_at, updated_at
  [1m[35m (0.2ms)[0m  BEGIN
  [1m[36m (0.2ms)[0m  [1mCOMMIT[0m
Completed 204 No Content in 2ms (ActiveRecord: 0.6ms)


Started GET "/titles" for ::1 at 2014-11-18 05:46:38 -0500
Processing by TitlesController#index as HTML
  [1m[35mTitle Load (0.4ms)[0m  SELECT "titles".* FROM "titles"
Completed 200 OK in 2ms (Views: 1.9ms | ActiveRecord: 0.4ms)


Started PUT "/titles/14" for ::1 at 2014-11-18 05:47:27 -0500
Processing by TitlesController#update as HTML
  Parameters: {"title"=>{"id"=>14, "name"=>"janitor extrodinaire", "created_at"=>"2014-11-18T10:33:10.623Z", "updated_at"=>"2014-11-18T10:39:55.136Z"}, "id"=>"14"}
  [1m[36mTitle Load (0.2ms)[0m  [1mSELECT  "titles".* FROM "titles" WHERE "titles"."id" = $1 LIMIT 1[0m  [["id", 14]]
Unpermitted parameters: id, created_at, updated_at
  [1m[35m (0.2ms)[0m  BEGIN
  [1m[36mSQL (0.3ms)[0m  [1mUPDATE "titles" SET "name" = $1, "updated_at" = $2 WHERE "titles"."id" = 14[0m  [["name", "janitor extrodinaire"], ["updated_at", "2014-11-18 10:47:27.708039"]]
  [1m[35m (6.0ms)[0m  COMMIT
Completed 204 No Content in 10ms (ActiveRecord: 6.7ms)


Started GET "/titles" for ::1 at 2014-11-18 05:47:33 -0500
Processing by TitlesController#index as HTML
  [1m[36mTitle Load (0.3ms)[0m  [1mSELECT "titles".* FROM "titles"[0m
Completed 200 OK in 16ms (Views: 15.7ms | ActiveRecord: 0.3ms)
